2022.07.29 11:32:23 INFO  tracing is disabled for protocol LSP, to enable tracing of incoming and outgoing JSON messages create an empty file at e:\scala tute4\.metals\lsp.trace.json or C:\Users\acer\AppData\Local\scalameta\metals\cache\lsp.trace.json
2022.07.29 11:32:25 INFO  logging to file E:\scala tute4\.metals\metals.log
2022.07.29 11:32:25 INFO  Started: Metals version 0.11.7 in workspace 'E:\scala tute4' for client Visual Studio Code 1.69.2.
2022.07.29 11:32:28 INFO  time: initialize in 2.55s
2022.07.29 11:32:29 WARN  Flyway upgrade recommended: H2 2.1.214 is newer than this version of Flyway and support has not been tested. The latest supported version of H2 is 2.1.210.
2022.07.29 11:32:29 WARN  Build server is not auto-connectable.
2022.07.29 11:32:29 WARN  no build tool detected in workspace 'E:\scala tute4'. The most common cause for this problem is that the editor was opened in the wrong working directory, for example if you use sbt then the workspace directory should contain build.sbt. 
2022.07.29 11:32:31 WARN  no build target for: E:\scala tute4\Q1.scala
Jul 29, 2022 11:32:31 AM org.eclipse.lsp4j.jsonrpc.RemoteEndpoint handleCancellation
WARNING: Unmatched cancel notification for request id 2
Jul 29, 2022 11:32:31 AM org.eclipse.lsp4j.jsonrpc.RemoteEndpoint handleCancellation
WARNING: Unmatched cancel notification for request id 3
2022.07.29 11:32:41 INFO  no build target found for E:\scala tute4\Q1.scala. Using presentation compiler with project's scala-library version: 3.1.3
Jul 29, 2022 11:32:44 AM org.eclipse.lsp4j.jsonrpc.RemoteEndpoint handleCancellation
WARNING: Unmatched cancel notification for request id 11
Jul 29, 2022 11:32:44 AM org.eclipse.lsp4j.jsonrpc.RemoteEndpoint handleCancellation
WARNING: Unmatched cancel notification for request id 16
Jul 29, 2022 11:32:44 AM org.eclipse.lsp4j.jsonrpc.RemoteEndpoint handleCancellation
WARNING: Unmatched cancel notification for request id 22
Jul 29, 2022 11:32:44 AM org.eclipse.lsp4j.jsonrpc.RemoteEndpoint handleCancellation
WARNING: Unmatched cancel notification for request id 21
Jul 29, 2022 11:32:44 AM org.eclipse.lsp4j.jsonrpc.RemoteEndpoint handleCancellation
WARNING: Unmatched cancel notification for request id 25
2022.07.29 11:32:48 INFO  time: code lens generation in 2.29s
2022.07.29 11:32:48 INFO  time: code lens generation in 3.45s
2022.07.29 11:32:48 INFO  time: code lens generation in 3.65s
2022.07.29 11:32:48 INFO  time: code lens generation in 3.72s
2022.07.29 11:32:48 INFO  time: code lens generation in 3.7s
2022.07.29 11:32:48 INFO  time: code lens generation in 3.64s
2022.07.29 11:32:48 INFO  time: code lens generation in 3.67s
2022.07.29 11:32:48 INFO  time: code lens generation in 3.77s
2022.07.29 11:32:48 INFO  time: code lens generation in 3.68s
2022.07.29 11:32:48 INFO  time: code lens generation in 16s
2022.07.29 11:32:48 INFO  time: code lens generation in 16s
2022.07.29 11:32:48 INFO  time: code lens generation in 3.75s
2022.07.29 11:33:04 WARN  no build target for: E:\scala tute4\Q1.scala
2022.07.29 11:33:37 WARN  no build target for: E:\scala tute3\q1.scala
Jul 29, 2022 11:34:56 AM org.eclipse.lsp4j.jsonrpc.RemoteEndpoint handleCancellation
WARNING: Unmatched cancel notification for request id 181
Jul 29, 2022 11:35:05 AM org.eclipse.lsp4j.jsonrpc.RemoteEndpoint fallbackResponseError
SEVERE: Internal error: org.scalameta.invariants.InvariantFailedException: invariant failed:
when verifying cases.!=(null).&&(cases.nonEmpty)
found that cases.nonEmpty is false
where cases = List()
java.util.concurrent.CompletionException: org.scalameta.invariants.InvariantFailedException: invariant failed:
when verifying cases.!=(null).&&(cases.nonEmpty)
found that cases.nonEmpty is false
where cases = List()
	at java.util.concurrent.CompletableFuture.encodeThrowable(CompletableFuture.java:292)
	at java.util.concurrent.CompletableFuture.completeThrowable(CompletableFuture.java:308)
	at java.util.concurrent.CompletableFuture.uniAccept(CompletableFuture.java:647)
	at java.util.concurrent.CompletableFuture$UniAccept.tryFire(CompletableFuture.java:632)
	at java.util.concurrent.CompletableFuture.postComplete(CompletableFuture.java:474)
	at java.util.concurrent.CompletableFuture.completeExceptionally(CompletableFuture.java:1977)
	at scala.meta.internal.metals.CancelTokens$.$anonfun$future$1(CancelTokens.scala:40)
	at scala.meta.internal.metals.CancelTokens$.$anonfun$future$1$adapted(CancelTokens.scala:38)
	at scala.concurrent.impl.Promise$Transformation.run(Promise.scala:484)
	at java.util.concurrent.ThreadPoolExecutor.runWorker(ThreadPoolExecutor.java:1149)
	at java.util.concurrent.ThreadPoolExecutor$Worker.run(ThreadPoolExecutor.java:624)
	at java.lang.Thread.run(Thread.java:748)
Caused by: org.scalameta.invariants.InvariantFailedException: invariant failed:
when verifying cases.!=(null).&&(cases.nonEmpty)
found that cases.nonEmpty is false
where cases = List()
	at org.scalameta.invariants.InvariantFailedException$.raise(Exceptions.scala:19)
	at scala.meta.Type$Match$.internal$181(Trees.scala:259)
	at scala.meta.Type$Match$.apply(Trees.scala:259)
	at scala.meta.internal.parsers.ScalametaParser$PatternContextSensitive.$anonfun$typ$1(ScalametaParser.scala:760)
	at scala.meta.internal.parsers.ScalametaParser.atPos(ScalametaParser.scala:296)
	at scala.meta.internal.parsers.ScalametaParser.autoPos(ScalametaParser.scala:337)
	at scala.meta.internal.parsers.ScalametaParser$PatternContextSensitive.typ(ScalametaParser.scala:751)
	at scala.meta.internal.parsers.ScalametaParser$PatternContextSensitive.typ$(ScalametaParser.scala:751)
	at scala.meta.internal.parsers.ScalametaParser$outPattern$.typ(ScalametaParser.scala:2623)
	at scala.meta.internal.parsers.ScalametaParser.typ(ScalametaParser.scala:2645)
	at scala.meta.internal.parsers.ScalametaParser.typedOpt(ScalametaParser.scala:1313)
	at scala.meta.internal.parsers.ScalametaParser.$anonfun$funDefRest$3(ScalametaParser.scala:3451)
	at scala.meta.internal.parsers.NestedContext.within(NestedContext.scala:9)
	at scala.meta.internal.parsers.NestedContext.within$(NestedContext.scala:6)
	at scala.meta.internal.parsers.ReturnTypeContext$.within(NestedContext.scala:21)
	at scala.meta.internal.parsers.ScalametaParser.$anonfun$funDefRest$1(ScalametaParser.scala:3451)
	at scala.meta.internal.parsers.ScalametaParser.autoEndPos(ScalametaParser.scala:339)
	at scala.meta.internal.parsers.ScalametaParser.autoEndPos(ScalametaParser.scala:341)
	at scala.meta.internal.parsers.ScalametaParser.funDefRest(ScalametaParser.scala:3433)
	at scala.meta.internal.parsers.ScalametaParser.funDefOrDclOrExtensionOrSecondaryCtor(ScalametaParser.scala:3378)
	at scala.meta.internal.parsers.ScalametaParser.defOrDclOrSecondaryCtor(ScalametaParser.scala:3217)
	at scala.meta.internal.parsers.ScalametaParser.nonLocalDefOrDcl(ScalametaParser.scala:3196)
	at scala.meta.internal.parsers.ScalametaParser$$anonfun$templateStat$1.applyOrElse(ScalametaParser.scala:4151)
	at scala.meta.internal.parsers.ScalametaParser$$anonfun$templateStat$1.applyOrElse(ScalametaParser.scala:4145)
	at scala.PartialFunction.$anonfun$runWith$1(PartialFunction.scala:231)
	at scala.PartialFunction.$anonfun$runWith$1$adapted(PartialFunction.scala:230)
	at scala.meta.internal.parsers.ScalametaParser.statSeqBuf(ScalametaParser.scala:4097)
	at scala.meta.internal.parsers.ScalametaParser.$anonfun$templateStatSeq$1(ScalametaParser.scala:4137)
	at scala.meta.internal.parsers.ScalametaParser.$anonfun$templateStatSeq$1$adapted(ScalametaParser.scala:4136)
	at scala.meta.internal.parsers.ScalametaParser.scala$meta$internal$parsers$ScalametaParser$$listBy(ScalametaParser.scala:508)
	at scala.meta.internal.parsers.ScalametaParser.templateStatSeq(ScalametaParser.scala:4136)
	at scala.meta.internal.parsers.ScalametaParser.$anonfun$templateBody$1(ScalametaParser.scala:3982)
	at scala.meta.internal.parsers.ScalametaParser.inBracesOr(ScalametaParser.scala:231)
	at scala.meta.internal.parsers.ScalametaParser.inBraces(ScalametaParser.scala:227)
	at scala.meta.internal.parsers.ScalametaParser.templateBody(ScalametaParser.scala:3982)
	at scala.meta.internal.parsers.ScalametaParser.templateBodyOpt(ScalametaParser.scala:3990)
	at scala.meta.internal.parsers.ScalametaParser.template(ScalametaParser.scala:3904)
	at scala.meta.internal.parsers.ScalametaParser.$anonfun$template$1(ScalametaParser.scala:3926)
	at scala.meta.internal.parsers.ScalametaParser.atPos(ScalametaParser.scala:296)
	at scala.meta.internal.parsers.ScalametaParser.autoPos(ScalametaParser.scala:337)
	at scala.meta.internal.parsers.ScalametaParser.template(ScalametaParser.scala:3913)
	at scala.meta.internal.parsers.ScalametaParser.$anonfun$templateOpt$1(ScalametaParser.scala:3956)
	at scala.meta.internal.parsers.ScalametaParser.atPos(ScalametaParser.scala:296)
	at scala.meta.internal.parsers.ScalametaParser.autoPos(ScalametaParser.scala:337)
	at scala.meta.internal.parsers.ScalametaParser.templateOpt(ScalametaParser.scala:3945)
	at scala.meta.internal.parsers.ScalametaParser.$anonfun$objectDef$1(ScalametaParser.scala:3679)
	at scala.meta.internal.parsers.ScalametaParser.autoEndPos(ScalametaParser.scala:339)
	at scala.meta.internal.parsers.ScalametaParser.autoEndPos(ScalametaParser.scala:341)
	at scala.meta.internal.parsers.ScalametaParser.objectDef(ScalametaParser.scala:3671)
	at scala.meta.internal.parsers.ScalametaParser.tmplDef(ScalametaParser.scala:3548)
	at scala.meta.internal.parsers.ScalametaParser.topLevelTmplDef(ScalametaParser.scala:3529)
	at scala.meta.internal.parsers.ScalametaParser$$anonfun$4.applyOrElse(ScalametaParser.scala:4116)
	at scala.meta.internal.parsers.ScalametaParser$$anonfun$4.applyOrElse(ScalametaParser.scala:4104)
	at scala.PartialFunction.$anonfun$runWith$1(PartialFunction.scala:231)
	at scala.PartialFunction.$anonfun$runWith$1$adapted(PartialFunction.scala:230)
	at scala.meta.internal.parsers.ScalametaParser.statSeqBuf(ScalametaParser.scala:4097)
	at scala.meta.internal.parsers.ScalametaParser.$anonfun$batchSource$14(ScalametaParser.scala:4311)
	at scala.Option.getOrElse(Option.scala:201)
	at scala.meta.internal.parsers.ScalametaParser.$anonfun$batchSource$1(ScalametaParser.scala:4311)
	at scala.meta.internal.parsers.ScalametaParser.atPos(ScalametaParser.scala:296)
	at scala.meta.internal.parsers.ScalametaParser.autoPos(ScalametaParser.scala:337)
	at scala.meta.internal.parsers.ScalametaParser.batchSource(ScalametaParser.scala:4266)
	at scala.meta.internal.parsers.ScalametaParser.$anonfun$source$1(ScalametaParser.scala:4259)
	at scala.meta.internal.parsers.ScalametaParser.atPos(ScalametaParser.scala:296)
	at scala.meta.internal.parsers.ScalametaParser.autoPos(ScalametaParser.scala:337)
	at scala.meta.internal.parsers.ScalametaParser.source(ScalametaParser.scala:4259)
	at scala.meta.internal.parsers.ScalametaParser.entrypointSource(ScalametaParser.scala:4264)
	at scala.meta.internal.parsers.ScalametaParser.parseSourceImpl(ScalametaParser.scala:132)
	at scala.meta.internal.parsers.ScalametaParser.$anonfun$parseSource$1(ScalametaParser.scala:129)
	at scala.meta.internal.parsers.ScalametaParser.parseRuleAfterBOF(ScalametaParser.scala:56)
	at scala.meta.internal.parsers.ScalametaParser.parseRule(ScalametaParser.scala:51)
	at scala.meta.internal.parsers.ScalametaParser.parseSource(ScalametaParser.scala:129)
	at scala.meta.parsers.Parse$.$anonfun$parseSource$1(Parse.scala:29)
	at scala.meta.parsers.Parse$$anon$1.apply(Parse.scala:36)
	at scala.meta.parsers.Api$XtensionParseDialectInput.parse(Api.scala:25)
	at scala.meta.internal.parsing.Trees.$anonfun$parse$2(Trees.scala:128)
	at scala.Option.map(Option.scala:242)
	at scala.meta.internal.parsing.Trees.parse(Trees.scala:121)
	at scala.meta.internal.parsing.Trees.didChange(Trees.scala:91)
	at scala.meta.internal.metals.MetalsLanguageServer.$anonfun$parseTreesAndPublishDiags$2(MetalsLanguageServer.scala:311)
	at scala.runtime.java8.JFunction0$mcV$sp.apply(JFunction0$mcV$sp.scala:18)
	at scala.concurrent.Future$.$anonfun$apply$1(Future.scala:678)
	at scala.concurrent.impl.Promise$Transformation.run(Promise.scala:467)
	... 3 more

Jul 29, 2022 11:35:28 AM org.eclipse.lsp4j.jsonrpc.RemoteEndpoint fallbackResponseError
SEVERE: Internal error: org.scalameta.invariants.InvariantFailedException: invariant failed:
when verifying cases.!=(null).&&(cases.nonEmpty)
found that cases.nonEmpty is false
where cases = List()
java.util.concurrent.CompletionException: org.scalameta.invariants.InvariantFailedException: invariant failed:
when verifying cases.!=(null).&&(cases.nonEmpty)
found that cases.nonEmpty is false
where cases = List()
	at java.util.concurrent.CompletableFuture.encodeThrowable(CompletableFuture.java:292)
	at java.util.concurrent.CompletableFuture.completeThrowable(CompletableFuture.java:308)
	at java.util.concurrent.CompletableFuture.uniAccept(CompletableFuture.java:647)
	at java.util.concurrent.CompletableFuture$UniAccept.tryFire(CompletableFuture.java:632)
	at java.util.concurrent.CompletableFuture.postComplete(CompletableFuture.java:474)
	at java.util.concurrent.CompletableFuture.completeExceptionally(CompletableFuture.java:1977)
	at scala.meta.internal.metals.CancelTokens$.$anonfun$future$1(CancelTokens.scala:40)
	at scala.meta.internal.metals.CancelTokens$.$anonfun$future$1$adapted(CancelTokens.scala:38)
	at scala.concurrent.impl.Promise$Transformation.run(Promise.scala:484)
	at java.util.concurrent.ThreadPoolExecutor.runWorker(ThreadPoolExecutor.java:1149)
	at java.util.concurrent.ThreadPoolExecutor$Worker.run(ThreadPoolExecutor.java:624)
	at java.lang.Thread.run(Thread.java:748)
Caused by: org.scalameta.invariants.InvariantFailedException: invariant failed:
when verifying cases.!=(null).&&(cases.nonEmpty)
found that cases.nonEmpty is false
where cases = List()
	at org.scalameta.invariants.InvariantFailedException$.raise(Exceptions.scala:19)
	at scala.meta.Type$Match$.internal$181(Trees.scala:259)
	at scala.meta.Type$Match$.apply(Trees.scala:259)
	at scala.meta.internal.parsers.ScalametaParser$PatternContextSensitive.$anonfun$typ$1(ScalametaParser.scala:760)
	at scala.meta.internal.parsers.ScalametaParser.atPos(ScalametaParser.scala:296)
	at scala.meta.internal.parsers.ScalametaParser.autoPos(ScalametaParser.scala:337)
	at scala.meta.internal.parsers.ScalametaParser$PatternContextSensitive.typ(ScalametaParser.scala:751)
	at scala.meta.internal.parsers.ScalametaParser$PatternContextSensitive.typ$(ScalametaParser.scala:751)
	at scala.meta.internal.parsers.ScalametaParser$outPattern$.typ(ScalametaParser.scala:2623)
	at scala.meta.internal.parsers.ScalametaParser.typ(ScalametaParser.scala:2645)
	at scala.meta.internal.parsers.ScalametaParser.typedOpt(ScalametaParser.scala:1313)
	at scala.meta.internal.parsers.ScalametaParser.$anonfun$funDefRest$3(ScalametaParser.scala:3451)
	at scala.meta.internal.parsers.NestedContext.within(NestedContext.scala:9)
	at scala.meta.internal.parsers.NestedContext.within$(NestedContext.scala:6)
	at scala.meta.internal.parsers.ReturnTypeContext$.within(NestedContext.scala:21)
	at scala.meta.internal.parsers.ScalametaParser.$anonfun$funDefRest$1(ScalametaParser.scala:3451)
	at scala.meta.internal.parsers.ScalametaParser.autoEndPos(ScalametaParser.scala:339)
	at scala.meta.internal.parsers.ScalametaParser.autoEndPos(ScalametaParser.scala:341)
	at scala.meta.internal.parsers.ScalametaParser.funDefRest(ScalametaParser.scala:3433)
	at scala.meta.internal.parsers.ScalametaParser.funDefOrDclOrExtensionOrSecondaryCtor(ScalametaParser.scala:3378)
	at scala.meta.internal.parsers.ScalametaParser.defOrDclOrSecondaryCtor(ScalametaParser.scala:3217)
	at scala.meta.internal.parsers.ScalametaParser.nonLocalDefOrDcl(ScalametaParser.scala:3196)
	at scala.meta.internal.parsers.ScalametaParser$$anonfun$templateStat$1.applyOrElse(ScalametaParser.scala:4151)
	at scala.meta.internal.parsers.ScalametaParser$$anonfun$templateStat$1.applyOrElse(ScalametaParser.scala:4145)
	at scala.PartialFunction.$anonfun$runWith$1(PartialFunction.scala:231)
	at scala.PartialFunction.$anonfun$runWith$1$adapted(PartialFunction.scala:230)
	at scala.meta.internal.parsers.ScalametaParser.statSeqBuf(ScalametaParser.scala:4097)
	at scala.meta.internal.parsers.ScalametaParser.$anonfun$templateStatSeq$1(ScalametaParser.scala:4137)
	at scala.meta.internal.parsers.ScalametaParser.$anonfun$templateStatSeq$1$adapted(ScalametaParser.scala:4136)
	at scala.meta.internal.parsers.ScalametaParser.scala$meta$internal$parsers$ScalametaParser$$listBy(ScalametaParser.scala:508)
	at scala.meta.internal.parsers.ScalametaParser.templateStatSeq(ScalametaParser.scala:4136)
	at scala.meta.internal.parsers.ScalametaParser.$anonfun$templateBody$1(ScalametaParser.scala:3982)
	at scala.meta.internal.parsers.ScalametaParser.inBracesOr(ScalametaParser.scala:231)
	at scala.meta.internal.parsers.ScalametaParser.inBraces(ScalametaParser.scala:227)
	at scala.meta.internal.parsers.ScalametaParser.templateBody(ScalametaParser.scala:3982)
	at scala.meta.internal.parsers.ScalametaParser.templateBodyOpt(ScalametaParser.scala:3990)
	at scala.meta.internal.parsers.ScalametaParser.template(ScalametaParser.scala:3904)
	at scala.meta.internal.parsers.ScalametaParser.$anonfun$template$1(ScalametaParser.scala:3926)
	at scala.meta.internal.parsers.ScalametaParser.atPos(ScalametaParser.scala:296)
	at scala.meta.internal.parsers.ScalametaParser.autoPos(ScalametaParser.scala:337)
	at scala.meta.internal.parsers.ScalametaParser.template(ScalametaParser.scala:3913)
	at scala.meta.internal.parsers.ScalametaParser.$anonfun$templateOpt$1(ScalametaParser.scala:3956)
	at scala.meta.internal.parsers.ScalametaParser.atPos(ScalametaParser.scala:296)
	at scala.meta.internal.parsers.ScalametaParser.autoPos(ScalametaParser.scala:337)
	at scala.meta.internal.parsers.ScalametaParser.templateOpt(ScalametaParser.scala:3945)
	at scala.meta.internal.parsers.ScalametaParser.$anonfun$objectDef$1(ScalametaParser.scala:3679)
	at scala.meta.internal.parsers.ScalametaParser.autoEndPos(ScalametaParser.scala:339)
	at scala.meta.internal.parsers.ScalametaParser.autoEndPos(ScalametaParser.scala:341)
	at scala.meta.internal.parsers.ScalametaParser.objectDef(ScalametaParser.scala:3671)
	at scala.meta.internal.parsers.ScalametaParser.tmplDef(ScalametaParser.scala:3548)
	at scala.meta.internal.parsers.ScalametaParser.topLevelTmplDef(ScalametaParser.scala:3529)
	at scala.meta.internal.parsers.ScalametaParser$$anonfun$4.applyOrElse(ScalametaParser.scala:4116)
	at scala.meta.internal.parsers.ScalametaParser$$anonfun$4.applyOrElse(ScalametaParser.scala:4104)
	at scala.PartialFunction.$anonfun$runWith$1(PartialFunction.scala:231)
	at scala.PartialFunction.$anonfun$runWith$1$adapted(PartialFunction.scala:230)
	at scala.meta.internal.parsers.ScalametaParser.statSeqBuf(ScalametaParser.scala:4097)
	at scala.meta.internal.parsers.ScalametaParser.$anonfun$batchSource$14(ScalametaParser.scala:4311)
	at scala.Option.getOrElse(Option.scala:201)
	at scala.meta.internal.parsers.ScalametaParser.$anonfun$batchSource$1(ScalametaParser.scala:4311)
	at scala.meta.internal.parsers.ScalametaParser.atPos(ScalametaParser.scala:296)
	at scala.meta.internal.parsers.ScalametaParser.autoPos(ScalametaParser.scala:337)
	at scala.meta.internal.parsers.ScalametaParser.batchSource(ScalametaParser.scala:4266)
	at scala.meta.internal.parsers.ScalametaParser.$anonfun$source$1(ScalametaParser.scala:4259)
	at scala.meta.internal.parsers.ScalametaParser.atPos(ScalametaParser.scala:296)
	at scala.meta.internal.parsers.ScalametaParser.autoPos(ScalametaParser.scala:337)
	at scala.meta.internal.parsers.ScalametaParser.source(ScalametaParser.scala:4259)
	at scala.meta.internal.parsers.ScalametaParser.entrypointSource(ScalametaParser.scala:4264)
	at scala.meta.internal.parsers.ScalametaParser.parseSourceImpl(ScalametaParser.scala:132)
	at scala.meta.internal.parsers.ScalametaParser.$anonfun$parseSource$1(ScalametaParser.scala:129)
	at scala.meta.internal.parsers.ScalametaParser.parseRuleAfterBOF(ScalametaParser.scala:56)
	at scala.meta.internal.parsers.ScalametaParser.parseRule(ScalametaParser.scala:51)
	at scala.meta.internal.parsers.ScalametaParser.parseSource(ScalametaParser.scala:129)
	at scala.meta.parsers.Parse$.$anonfun$parseSource$1(Parse.scala:29)
	at scala.meta.parsers.Parse$$anon$1.apply(Parse.scala:36)
	at scala.meta.parsers.Api$XtensionParseDialectInput.parse(Api.scala:25)
	at scala.meta.internal.parsing.Trees.$anonfun$parse$2(Trees.scala:128)
	at scala.Option.map(Option.scala:242)
	at scala.meta.internal.parsing.Trees.parse(Trees.scala:121)
	at scala.meta.internal.parsing.Trees.didChange(Trees.scala:91)
	at scala.meta.internal.metals.MetalsLanguageServer.$anonfun$parseTreesAndPublishDiags$2(MetalsLanguageServer.scala:311)
	at scala.runtime.java8.JFunction0$mcV$sp.apply(JFunction0$mcV$sp.scala:18)
	at scala.concurrent.Future$.$anonfun$apply$1(Future.scala:678)
	at scala.concurrent.impl.Promise$Transformation.run(Promise.scala:467)
	... 3 more

Jul 29, 2022 11:35:29 AM org.eclipse.lsp4j.jsonrpc.RemoteEndpoint fallbackResponseError
SEVERE: Internal error: org.scalameta.invariants.InvariantFailedException: invariant failed:
when verifying cases.!=(null).&&(cases.nonEmpty)
found that cases.nonEmpty is false
where cases = List()
java.util.concurrent.CompletionException: org.scalameta.invariants.InvariantFailedException: invariant failed:
when verifying cases.!=(null).&&(cases.nonEmpty)
found that cases.nonEmpty is false
where cases = List()
	at java.util.concurrent.CompletableFuture.encodeThrowable(CompletableFuture.java:292)
	at java.util.concurrent.CompletableFuture.completeThrowable(CompletableFuture.java:308)
	at java.util.concurrent.CompletableFuture.uniAccept(CompletableFuture.java:647)
	at java.util.concurrent.CompletableFuture$UniAccept.tryFire(CompletableFuture.java:632)
	at java.util.concurrent.CompletableFuture.postComplete(CompletableFuture.java:474)
	at java.util.concurrent.CompletableFuture.completeExceptionally(CompletableFuture.java:1977)
	at scala.meta.internal.metals.CancelTokens$.$anonfun$future$1(CancelTokens.scala:40)
	at scala.meta.internal.metals.CancelTokens$.$anonfun$future$1$adapted(CancelTokens.scala:38)
	at scala.concurrent.impl.Promise$Transformation.run(Promise.scala:484)
	at java.util.concurrent.ThreadPoolExecutor.runWorker(ThreadPoolExecutor.java:1149)
	at java.util.concurrent.ThreadPoolExecutor$Worker.run(ThreadPoolExecutor.java:624)
	at java.lang.Thread.run(Thread.java:748)
Caused by: org.scalameta.invariants.InvariantFailedException: invariant failed:
when verifying cases.!=(null).&&(cases.nonEmpty)
found that cases.nonEmpty is false
where cases = List()
	at org.scalameta.invariants.InvariantFailedException$.raise(Exceptions.scala:19)
	at scala.meta.Type$Match$.internal$181(Trees.scala:259)
	at scala.meta.Type$Match$.apply(Trees.scala:259)
	at scala.meta.internal.parsers.ScalametaParser$PatternContextSensitive.$anonfun$typ$1(ScalametaParser.scala:760)
	at scala.meta.internal.parsers.ScalametaParser.atPos(ScalametaParser.scala:296)
	at scala.meta.internal.parsers.ScalametaParser.autoPos(ScalametaParser.scala:337)
	at scala.meta.internal.parsers.ScalametaParser$PatternContextSensitive.typ(ScalametaParser.scala:751)
	at scala.meta.internal.parsers.ScalametaParser$PatternContextSensitive.typ$(ScalametaParser.scala:751)
	at scala.meta.internal.parsers.ScalametaParser$outPattern$.typ(ScalametaParser.scala:2623)
	at scala.meta.internal.parsers.ScalametaParser$PatternContextSensitive.typeIndentedOpt(ScalametaParser.scala:747)
	at scala.meta.internal.parsers.ScalametaParser$PatternContextSensitive.typeIndentedOpt$(ScalametaParser.scala:743)
	at scala.meta.internal.parsers.ScalametaParser$outPattern$.typeIndentedOpt(ScalametaParser.scala:2623)
	at scala.meta.internal.parsers.ScalametaParser$PatternContextSensitive.$anonfun$typ$1(ScalametaParser.scala:757)
	at scala.meta.internal.parsers.ScalametaParser.atPos(ScalametaParser.scala:296)
	at scala.meta.internal.parsers.ScalametaParser.autoPos(ScalametaParser.scala:337)
	at scala.meta.internal.parsers.ScalametaParser$PatternContextSensitive.typ(ScalametaParser.scala:751)
	at scala.meta.internal.parsers.ScalametaParser$PatternContextSensitive.typ$(ScalametaParser.scala:751)
	at scala.meta.internal.parsers.ScalametaParser$outPattern$.typ(ScalametaParser.scala:2623)
	at scala.meta.internal.parsers.ScalametaParser.typ(ScalametaParser.scala:2645)
	at scala.meta.internal.parsers.ScalametaParser.typedOpt(ScalametaParser.scala:1313)
	at scala.meta.internal.parsers.ScalametaParser.$anonfun$funDefRest$3(ScalametaParser.scala:3451)
	at scala.meta.internal.parsers.NestedContext.within(NestedContext.scala:9)
	at scala.meta.internal.parsers.NestedContext.within$(NestedContext.scala:6)
	at scala.meta.internal.parsers.ReturnTypeContext$.within(NestedContext.scala:21)
	at scala.meta.internal.parsers.ScalametaParser.$anonfun$funDefRest$1(ScalametaParser.scala:3451)
	at scala.meta.internal.parsers.ScalametaParser.autoEndPos(ScalametaParser.scala:339)
	at scala.meta.internal.parsers.ScalametaParser.autoEndPos(ScalametaParser.scala:341)
	at scala.meta.internal.parsers.ScalametaParser.funDefRest(ScalametaParser.scala:3433)
	at scala.meta.internal.parsers.ScalametaParser.funDefOrDclOrExtensionOrSecondaryCtor(ScalametaParser.scala:3378)
	at scala.meta.internal.parsers.ScalametaParser.defOrDclOrSecondaryCtor(ScalametaParser.scala:3217)
	at scala.meta.internal.parsers.ScalametaParser.nonLocalDefOrDcl(ScalametaParser.scala:3196)
	at scala.meta.internal.parsers.ScalametaParser$$anonfun$templateStat$1.applyOrElse(ScalametaParser.scala:4151)
	at scala.meta.internal.parsers.ScalametaParser$$anonfun$templateStat$1.applyOrElse(ScalametaParser.scala:4145)
	at scala.PartialFunction.$anonfun$runWith$1(PartialFunction.scala:231)
	at scala.PartialFunction.$anonfun$runWith$1$adapted(PartialFunction.scala:230)
	at scala.meta.internal.parsers.ScalametaParser.statSeqBuf(ScalametaParser.scala:4097)
	at scala.meta.internal.parsers.ScalametaParser.$anonfun$templateStatSeq$1(ScalametaParser.scala:4137)
	at scala.meta.internal.parsers.ScalametaParser.$anonfun$templateStatSeq$1$adapted(ScalametaParser.scala:4136)
	at scala.meta.internal.parsers.ScalametaParser.scala$meta$internal$parsers$ScalametaParser$$listBy(ScalametaParser.scala:508)
	at scala.meta.internal.parsers.ScalametaParser.templateStatSeq(ScalametaParser.scala:4136)
	at scala.meta.internal.parsers.ScalametaParser.$anonfun$templateBody$1(ScalametaParser.scala:3982)
	at scala.meta.internal.parsers.ScalametaParser.inBracesOr(ScalametaParser.scala:231)
	at scala.meta.internal.parsers.ScalametaParser.inBraces(ScalametaParser.scala:227)
	at scala.meta.internal.parsers.ScalametaParser.templateBody(ScalametaParser.scala:3982)
	at scala.meta.internal.parsers.ScalametaParser.templateBodyOpt(ScalametaParser.scala:3990)
	at scala.meta.internal.parsers.ScalametaParser.template(ScalametaParser.scala:3904)
	at scala.meta.internal.parsers.ScalametaParser.$anonfun$template$1(ScalametaParser.scala:3926)
	at scala.meta.internal.parsers.ScalametaParser.atPos(ScalametaParser.scala:296)
	at scala.meta.internal.parsers.ScalametaParser.autoPos(ScalametaParser.scala:337)
	at scala.meta.internal.parsers.ScalametaParser.template(ScalametaParser.scala:3913)
	at scala.meta.internal.parsers.ScalametaParser.$anonfun$templateOpt$1(ScalametaParser.scala:3956)
	at scala.meta.internal.parsers.ScalametaParser.atPos(ScalametaParser.scala:296)
	at scala.meta.internal.parsers.ScalametaParser.autoPos(ScalametaParser.scala:337)
	at scala.meta.internal.parsers.ScalametaParser.templateOpt(ScalametaParser.scala:3945)
	at scala.meta.internal.parsers.ScalametaParser.$anonfun$objectDef$1(ScalametaParser.scala:3679)
	at scala.meta.internal.parsers.ScalametaParser.autoEndPos(ScalametaParser.scala:339)
	at scala.meta.internal.parsers.ScalametaParser.autoEndPos(ScalametaParser.scala:341)
	at scala.meta.internal.parsers.ScalametaParser.objectDef(ScalametaParser.scala:3671)
	at scala.meta.internal.parsers.ScalametaParser.tmplDef(ScalametaParser.scala:3548)
	at scala.meta.internal.parsers.ScalametaParser.topLevelTmplDef(ScalametaParser.scala:3529)
	at scala.meta.internal.parsers.ScalametaParser$$anonfun$4.applyOrElse(ScalametaParser.scala:4116)
	at scala.meta.internal.parsers.ScalametaParser$$anonfun$4.applyOrElse(ScalametaParser.scala:4104)
	at scala.PartialFunction.$anonfun$runWith$1(PartialFunction.scala:231)
	at scala.PartialFunction.$anonfun$runWith$1$adapted(PartialFunction.scala:230)
	at scala.meta.internal.parsers.ScalametaParser.statSeqBuf(ScalametaParser.scala:4097)
	at scala.meta.internal.parsers.ScalametaParser.$anonfun$batchSource$14(ScalametaParser.scala:4311)
	at scala.Option.getOrElse(Option.scala:201)
	at scala.meta.internal.parsers.ScalametaParser.$anonfun$batchSource$1(ScalametaParser.scala:4311)
	at scala.meta.internal.parsers.ScalametaParser.atPos(ScalametaParser.scala:296)
	at scala.meta.internal.parsers.ScalametaParser.autoPos(ScalametaParser.scala:337)
	at scala.meta.internal.parsers.ScalametaParser.batchSource(ScalametaParser.scala:4266)
	at scala.meta.internal.parsers.ScalametaParser.$anonfun$source$1(ScalametaParser.scala:4259)
	at scala.meta.internal.parsers.ScalametaParser.atPos(ScalametaParser.scala:296)
	at scala.meta.internal.parsers.ScalametaParser.autoPos(ScalametaParser.scala:337)
	at scala.meta.internal.parsers.ScalametaParser.source(ScalametaParser.scala:4259)
	at scala.meta.internal.parsers.ScalametaParser.entrypointSource(ScalametaParser.scala:4264)
	at scala.meta.internal.parsers.ScalametaParser.parseSourceImpl(ScalametaParser.scala:132)
	at scala.meta.internal.parsers.ScalametaParser.$anonfun$parseSource$1(ScalametaParser.scala:129)
	at scala.meta.internal.parsers.ScalametaParser.parseRuleAfterBOF(ScalametaParser.scala:56)
	at scala.meta.internal.parsers.ScalametaParser.parseRule(ScalametaParser.scala:51)
	at scala.meta.internal.parsers.ScalametaParser.parseSource(ScalametaParser.scala:129)
	at scala.meta.parsers.Parse$.$anonfun$parseSource$1(Parse.scala:29)
	at scala.meta.parsers.Parse$$anon$1.apply(Parse.scala:36)
	at scala.meta.parsers.Api$XtensionParseDialectInput.parse(Api.scala:25)
	at scala.meta.internal.parsing.Trees.$anonfun$parse$2(Trees.scala:128)
	at scala.Option.map(Option.scala:242)
	at scala.meta.internal.parsing.Trees.parse(Trees.scala:121)
	at scala.meta.internal.parsing.Trees.didChange(Trees.scala:91)
	at scala.meta.internal.metals.MetalsLanguageServer.$anonfun$parseTreesAndPublishDiags$2(MetalsLanguageServer.scala:311)
	at scala.runtime.java8.JFunction0$mcV$sp.apply(JFunction0$mcV$sp.scala:18)
	at scala.concurrent.Future$.$anonfun$apply$1(Future.scala:678)
	at scala.concurrent.impl.Promise$Transformation.run(Promise.scala:467)
	... 3 more

Jul 29, 2022 11:35:32 AM org.eclipse.lsp4j.jsonrpc.RemoteEndpoint fallbackResponseError
SEVERE: Internal error: org.scalameta.invariants.InvariantFailedException: invariant failed:
when verifying cases.!=(null).&&(cases.nonEmpty)
found that cases.nonEmpty is false
where cases = List()
java.util.concurrent.CompletionException: org.scalameta.invariants.InvariantFailedException: invariant failed:
when verifying cases.!=(null).&&(cases.nonEmpty)
found that cases.nonEmpty is false
where cases = List()
	at java.util.concurrent.CompletableFuture.encodeThrowable(CompletableFuture.java:292)
	at java.util.concurrent.CompletableFuture.completeThrowable(CompletableFuture.java:308)
	at java.util.concurrent.CompletableFuture.uniAccept(CompletableFuture.java:647)
	at java.util.concurrent.CompletableFuture$UniAccept.tryFire(CompletableFuture.java:632)
	at java.util.concurrent.CompletableFuture.postComplete(CompletableFuture.java:474)
	at java.util.concurrent.CompletableFuture.completeExceptionally(CompletableFuture.java:1977)
	at scala.meta.internal.metals.CancelTokens$.$anonfun$future$1(CancelTokens.scala:40)
	at scala.meta.internal.metals.CancelTokens$.$anonfun$future$1$adapted(CancelTokens.scala:38)
	at scala.concurrent.impl.Promise$Transformation.run(Promise.scala:484)
	at java.util.concurrent.ThreadPoolExecutor.runWorker(ThreadPoolExecutor.java:1149)
	at java.util.concurrent.ThreadPoolExecutor$Worker.run(ThreadPoolExecutor.java:624)
	at java.lang.Thread.run(Thread.java:748)
Caused by: org.scalameta.invariants.InvariantFailedException: invariant failed:
when verifying cases.!=(null).&&(cases.nonEmpty)
found that cases.nonEmpty is false
where cases = List()
	at org.scalameta.invariants.InvariantFailedException$.raise(Exceptions.scala:19)
	at scala.meta.Type$Match$.internal$181(Trees.scala:259)
	at scala.meta.Type$Match$.apply(Trees.scala:259)
	at scala.meta.internal.parsers.ScalametaParser$PatternContextSensitive.$anonfun$typ$1(ScalametaParser.scala:760)
	at scala.meta.internal.parsers.ScalametaParser.atPos(ScalametaParser.scala:296)
	at scala.meta.internal.parsers.ScalametaParser.autoPos(ScalametaParser.scala:337)
	at scala.meta.internal.parsers.ScalametaParser$PatternContextSensitive.typ(ScalametaParser.scala:751)
	at scala.meta.internal.parsers.ScalametaParser$PatternContextSensitive.typ$(ScalametaParser.scala:751)
	at scala.meta.internal.parsers.ScalametaParser$outPattern$.typ(ScalametaParser.scala:2623)
	at scala.meta.internal.parsers.ScalametaParser$PatternContextSensitive.typeIndentedOpt(ScalametaParser.scala:747)
	at scala.meta.internal.parsers.ScalametaParser$PatternContextSensitive.typeIndentedOpt$(ScalametaParser.scala:743)
	at scala.meta.internal.parsers.ScalametaParser$outPattern$.typeIndentedOpt(ScalametaParser.scala:2623)
	at scala.meta.internal.parsers.ScalametaParser$PatternContextSensitive.$anonfun$typ$1(ScalametaParser.scala:757)
	at scala.meta.internal.parsers.ScalametaParser.atPos(ScalametaParser.scala:296)
	at scala.meta.internal.parsers.ScalametaParser.autoPos(ScalametaParser.scala:337)
	at scala.meta.internal.parsers.ScalametaParser$PatternContextSensitive.typ(ScalametaParser.scala:751)
	at scala.meta.internal.parsers.ScalametaParser$PatternContextSensitive.typ$(ScalametaParser.scala:751)
	at scala.meta.internal.parsers.ScalametaParser$outPattern$.typ(ScalametaParser.scala:2623)
	at scala.meta.internal.parsers.ScalametaParser.typ(ScalametaParser.scala:2645)
	at scala.meta.internal.parsers.ScalametaParser.typedOpt(ScalametaParser.scala:1313)
	at scala.meta.internal.parsers.ScalametaParser.$anonfun$funDefRest$3(ScalametaParser.scala:3451)
	at scala.meta.internal.parsers.NestedContext.within(NestedContext.scala:9)
	at scala.meta.internal.parsers.NestedContext.within$(NestedContext.scala:6)
	at scala.meta.internal.parsers.ReturnTypeContext$.within(NestedContext.scala:21)
	at scala.meta.internal.parsers.ScalametaParser.$anonfun$funDefRest$1(ScalametaParser.scala:3451)
	at scala.meta.internal.parsers.ScalametaParser.autoEndPos(ScalametaParser.scala:339)
	at scala.meta.internal.parsers.ScalametaParser.autoEndPos(ScalametaParser.scala:341)
	at scala.meta.internal.parsers.ScalametaParser.funDefRest(ScalametaParser.scala:3433)
	at scala.meta.internal.parsers.ScalametaParser.funDefOrDclOrExtensionOrSecondaryCtor(ScalametaParser.scala:3378)
	at scala.meta.internal.parsers.ScalametaParser.defOrDclOrSecondaryCtor(ScalametaParser.scala:3217)
	at scala.meta.internal.parsers.ScalametaParser.nonLocalDefOrDcl(ScalametaParser.scala:3196)
	at scala.meta.internal.parsers.ScalametaParser$$anonfun$templateStat$1.applyOrElse(ScalametaParser.scala:4151)
	at scala.meta.internal.parsers.ScalametaParser$$anonfun$templateStat$1.applyOrElse(ScalametaParser.scala:4145)
	at scala.PartialFunction.$anonfun$runWith$1(PartialFunction.scala:231)
	at scala.PartialFunction.$anonfun$runWith$1$adapted(PartialFunction.scala:230)
	at scala.meta.internal.parsers.ScalametaParser.statSeqBuf(ScalametaParser.scala:4097)
	at scala.meta.internal.parsers.ScalametaParser.$anonfun$templateStatSeq$1(ScalametaParser.scala:4137)
	at scala.meta.internal.parsers.ScalametaParser.$anonfun$templateStatSeq$1$adapted(ScalametaParser.scala:4136)
	at scala.meta.internal.parsers.ScalametaParser.scala$meta$internal$parsers$ScalametaParser$$listBy(ScalametaParser.scala:508)
	at scala.meta.internal.parsers.ScalametaParser.templateStatSeq(ScalametaParser.scala:4136)
	at scala.meta.internal.parsers.ScalametaParser.$anonfun$templateBody$1(ScalametaParser.scala:3982)
	at scala.meta.internal.parsers.ScalametaParser.inBracesOr(ScalametaParser.scala:231)
	at scala.meta.internal.parsers.ScalametaParser.inBraces(ScalametaParser.scala:227)
	at scala.meta.internal.parsers.ScalametaParser.templateBody(ScalametaParser.scala:3982)
	at scala.meta.internal.parsers.ScalametaParser.templateBodyOpt(ScalametaParser.scala:3990)
	at scala.meta.internal.parsers.ScalametaParser.template(ScalametaParser.scala:3904)
	at scala.meta.internal.parsers.ScalametaParser.$anonfun$template$1(ScalametaParser.scala:3926)
	at scala.meta.internal.parsers.ScalametaParser.atPos(ScalametaParser.scala:296)
	at scala.meta.internal.parsers.ScalametaParser.autoPos(ScalametaParser.scala:337)
	at scala.meta.internal.parsers.ScalametaParser.template(ScalametaParser.scala:3913)
	at scala.meta.internal.parsers.ScalametaParser.$anonfun$templateOpt$1(ScalametaParser.scala:3956)
	at scala.meta.internal.parsers.ScalametaParser.atPos(ScalametaParser.scala:296)
	at scala.meta.internal.parsers.ScalametaParser.autoPos(ScalametaParser.scala:337)
	at scala.meta.internal.parsers.ScalametaParser.templateOpt(ScalametaParser.scala:3945)
	at scala.meta.internal.parsers.ScalametaParser.$anonfun$objectDef$1(ScalametaParser.scala:3679)
	at scala.meta.internal.parsers.ScalametaParser.autoEndPos(ScalametaParser.scala:339)
	at scala.meta.internal.parsers.ScalametaParser.autoEndPos(ScalametaParser.scala:341)
	at scala.meta.internal.parsers.ScalametaParser.objectDef(ScalametaParser.scala:3671)
	at scala.meta.internal.parsers.ScalametaParser.tmplDef(ScalametaParser.scala:3548)
	at scala.meta.internal.parsers.ScalametaParser.topLevelTmplDef(ScalametaParser.scala:3529)
	at scala.meta.internal.parsers.ScalametaParser$$anonfun$4.applyOrElse(ScalametaParser.scala:4116)
	at scala.meta.internal.parsers.ScalametaParser$$anonfun$4.applyOrElse(ScalametaParser.scala:4104)
	at scala.PartialFunction.$anonfun$runWith$1(PartialFunction.scala:231)
	at scala.PartialFunction.$anonfun$runWith$1$adapted(PartialFunction.scala:230)
	at scala.meta.internal.parsers.ScalametaParser.statSeqBuf(ScalametaParser.scala:4097)
	at scala.meta.internal.parsers.ScalametaParser.$anonfun$batchSource$14(ScalametaParser.scala:4311)
	at scala.Option.getOrElse(Option.scala:201)
	at scala.meta.internal.parsers.ScalametaParser.$anonfun$batchSource$1(ScalametaParser.scala:4311)
	at scala.meta.internal.parsers.ScalametaParser.atPos(ScalametaParser.scala:296)
	at scala.meta.internal.parsers.ScalametaParser.autoPos(ScalametaParser.scala:337)
	at scala.meta.internal.parsers.ScalametaParser.batchSource(ScalametaParser.scala:4266)
	at scala.meta.internal.parsers.ScalametaParser.$anonfun$source$1(ScalametaParser.scala:4259)
	at scala.meta.internal.parsers.ScalametaParser.atPos(ScalametaParser.scala:296)
	at scala.meta.internal.parsers.ScalametaParser.autoPos(ScalametaParser.scala:337)
	at scala.meta.internal.parsers.ScalametaParser.source(ScalametaParser.scala:4259)
	at scala.meta.internal.parsers.ScalametaParser.entrypointSource(ScalametaParser.scala:4264)
	at scala.meta.internal.parsers.ScalametaParser.parseSourceImpl(ScalametaParser.scala:132)
	at scala.meta.internal.parsers.ScalametaParser.$anonfun$parseSource$1(ScalametaParser.scala:129)
	at scala.meta.internal.parsers.ScalametaParser.parseRuleAfterBOF(ScalametaParser.scala:56)
	at scala.meta.internal.parsers.ScalametaParser.parseRule(ScalametaParser.scala:51)
	at scala.meta.internal.parsers.ScalametaParser.parseSource(ScalametaParser.scala:129)
	at scala.meta.parsers.Parse$.$anonfun$parseSource$1(Parse.scala:29)
	at scala.meta.parsers.Parse$$anon$1.apply(Parse.scala:36)
	at scala.meta.parsers.Api$XtensionParseDialectInput.parse(Api.scala:25)
	at scala.meta.internal.parsing.Trees.$anonfun$parse$2(Trees.scala:128)
	at scala.Option.map(Option.scala:242)
	at scala.meta.internal.parsing.Trees.parse(Trees.scala:121)
	at scala.meta.internal.parsing.Trees.didChange(Trees.scala:91)
	at scala.meta.internal.metals.MetalsLanguageServer.$anonfun$parseTreesAndPublishDiags$2(MetalsLanguageServer.scala:311)
	at scala.runtime.java8.JFunction0$mcV$sp.apply(JFunction0$mcV$sp.scala:18)
	at scala.concurrent.Future$.$anonfun$apply$1(Future.scala:678)
	at scala.concurrent.impl.Promise$Transformation.run(Promise.scala:467)
	... 3 more

Jul 29, 2022 11:35:32 AM org.eclipse.lsp4j.jsonrpc.RemoteEndpoint fallbackResponseError
SEVERE: Internal error: org.scalameta.invariants.InvariantFailedException: invariant failed:
when verifying cases.!=(null).&&(cases.nonEmpty)
found that cases.nonEmpty is false
where cases = List()
java.util.concurrent.CompletionException: org.scalameta.invariants.InvariantFailedException: invariant failed:
when verifying cases.!=(null).&&(cases.nonEmpty)
found that cases.nonEmpty is false
where cases = List()
	at java.util.concurrent.CompletableFuture.encodeThrowable(CompletableFuture.java:292)
	at java.util.concurrent.CompletableFuture.completeThrowable(CompletableFuture.java:308)
	at java.util.concurrent.CompletableFuture.uniAccept(CompletableFuture.java:647)
	at java.util.concurrent.CompletableFuture$UniAccept.tryFire(CompletableFuture.java:632)
	at java.util.concurrent.CompletableFuture.postComplete(CompletableFuture.java:474)
	at java.util.concurrent.CompletableFuture.completeExceptionally(CompletableFuture.java:1977)
	at scala.meta.internal.metals.CancelTokens$.$anonfun$future$1(CancelTokens.scala:40)
	at scala.meta.internal.metals.CancelTokens$.$anonfun$future$1$adapted(CancelTokens.scala:38)
	at scala.concurrent.impl.Promise$Transformation.run(Promise.scala:484)
	at java.util.concurrent.ThreadPoolExecutor.runWorker(ThreadPoolExecutor.java:1149)
	at java.util.concurrent.ThreadPoolExecutor$Worker.run(ThreadPoolExecutor.java:624)
	at java.lang.Thread.run(Thread.java:748)
Caused by: org.scalameta.invariants.InvariantFailedException: invariant failed:
when verifying cases.!=(null).&&(cases.nonEmpty)
found that cases.nonEmpty is false
where cases = List()
	at org.scalameta.invariants.InvariantFailedException$.raise(Exceptions.scala:19)
	at scala.meta.Type$Match$.internal$181(Trees.scala:259)
	at scala.meta.Type$Match$.apply(Trees.scala:259)
	at scala.meta.internal.parsers.ScalametaParser$PatternContextSensitive.$anonfun$typ$1(ScalametaParser.scala:760)
	at scala.meta.internal.parsers.ScalametaParser.atPos(ScalametaParser.scala:296)
	at scala.meta.internal.parsers.ScalametaParser.autoPos(ScalametaParser.scala:337)
	at scala.meta.internal.parsers.ScalametaParser$PatternContextSensitive.typ(ScalametaParser.scala:751)
	at scala.meta.internal.parsers.ScalametaParser$PatternContextSensitive.typ$(ScalametaParser.scala:751)
	at scala.meta.internal.parsers.ScalametaParser$outPattern$.typ(ScalametaParser.scala:2623)
	at scala.meta.internal.parsers.ScalametaParser$PatternContextSensitive.typeIndentedOpt(ScalametaParser.scala:747)
	at scala.meta.internal.parsers.ScalametaParser$PatternContextSensitive.typeIndentedOpt$(ScalametaParser.scala:743)
	at scala.meta.internal.parsers.ScalametaParser$outPattern$.typeIndentedOpt(ScalametaParser.scala:2623)
	at scala.meta.internal.parsers.ScalametaParser$PatternContextSensitive.$anonfun$typ$1(ScalametaParser.scala:757)
	at scala.meta.internal.parsers.ScalametaParser.atPos(ScalametaParser.scala:296)
	at scala.meta.internal.parsers.ScalametaParser.autoPos(ScalametaParser.scala:337)
	at scala.meta.internal.parsers.ScalametaParser$PatternContextSensitive.typ(ScalametaParser.scala:751)
	at scala.meta.internal.parsers.ScalametaParser$PatternContextSensitive.typ$(ScalametaParser.scala:751)
	at scala.meta.internal.parsers.ScalametaParser$outPattern$.typ(ScalametaParser.scala:2623)
	at scala.meta.internal.parsers.ScalametaParser.typ(ScalametaParser.scala:2645)
	at scala.meta.internal.parsers.ScalametaParser.typedOpt(ScalametaParser.scala:1313)
	at scala.meta.internal.parsers.ScalametaParser.$anonfun$funDefRest$3(ScalametaParser.scala:3451)
	at scala.meta.internal.parsers.NestedContext.within(NestedContext.scala:9)
	at scala.meta.internal.parsers.NestedContext.within$(NestedContext.scala:6)
	at scala.meta.internal.parsers.ReturnTypeContext$.within(NestedContext.scala:21)
	at scala.meta.internal.parsers.ScalametaParser.$anonfun$funDefRest$1(ScalametaParser.scala:3451)
	at scala.meta.internal.parsers.ScalametaParser.autoEndPos(ScalametaParser.scala:339)
	at scala.meta.internal.parsers.ScalametaParser.autoEndPos(ScalametaParser.scala:341)
	at scala.meta.internal.parsers.ScalametaParser.funDefRest(ScalametaParser.scala:3433)
	at scala.meta.internal.parsers.ScalametaParser.funDefOrDclOrExtensionOrSecondaryCtor(ScalametaParser.scala:3378)
	at scala.meta.internal.parsers.ScalametaParser.defOrDclOrSecondaryCtor(ScalametaParser.scala:3217)
	at scala.meta.internal.parsers.ScalametaParser.nonLocalDefOrDcl(ScalametaParser.scala:3196)
	at scala.meta.internal.parsers.ScalametaParser$$anonfun$templateStat$1.applyOrElse(ScalametaParser.scala:4151)
	at scala.meta.internal.parsers.ScalametaParser$$anonfun$templateStat$1.applyOrElse(ScalametaParser.scala:4145)
	at scala.PartialFunction.$anonfun$runWith$1(PartialFunction.scala:231)
	at scala.PartialFunction.$anonfun$runWith$1$adapted(PartialFunction.scala:230)
	at scala.meta.internal.parsers.ScalametaParser.statSeqBuf(ScalametaParser.scala:4097)
	at scala.meta.internal.parsers.ScalametaParser.$anonfun$templateStatSeq$1(ScalametaParser.scala:4137)
	at scala.meta.internal.parsers.ScalametaParser.$anonfun$templateStatSeq$1$adapted(ScalametaParser.scala:4136)
	at scala.meta.internal.parsers.ScalametaParser.scala$meta$internal$parsers$ScalametaParser$$listBy(ScalametaParser.scala:508)
	at scala.meta.internal.parsers.ScalametaParser.templateStatSeq(ScalametaParser.scala:4136)
	at scala.meta.internal.parsers.ScalametaParser.$anonfun$templateBody$1(ScalametaParser.scala:3982)
	at scala.meta.internal.parsers.ScalametaParser.inBracesOr(ScalametaParser.scala:231)
	at scala.meta.internal.parsers.ScalametaParser.inBraces(ScalametaParser.scala:227)
	at scala.meta.internal.parsers.ScalametaParser.templateBody(ScalametaParser.scala:3982)
	at scala.meta.internal.parsers.ScalametaParser.templateBodyOpt(ScalametaParser.scala:3990)
	at scala.meta.internal.parsers.ScalametaParser.template(ScalametaParser.scala:3904)
	at scala.meta.internal.parsers.ScalametaParser.$anonfun$template$1(ScalametaParser.scala:3926)
	at scala.meta.internal.parsers.ScalametaParser.atPos(ScalametaParser.scala:296)
	at scala.meta.internal.parsers.ScalametaParser.autoPos(ScalametaParser.scala:337)
	at scala.meta.internal.parsers.ScalametaParser.template(ScalametaParser.scala:3913)
	at scala.meta.internal.parsers.ScalametaParser.$anonfun$templateOpt$1(ScalametaParser.scala:3956)
	at scala.meta.internal.parsers.ScalametaParser.atPos(ScalametaParser.scala:296)
	at scala.meta.internal.parsers.ScalametaParser.autoPos(ScalametaParser.scala:337)
	at scala.meta.internal.parsers.ScalametaParser.templateOpt(ScalametaParser.scala:3945)
	at scala.meta.internal.parsers.ScalametaParser.$anonfun$objectDef$1(ScalametaParser.scala:3679)
	at scala.meta.internal.parsers.ScalametaParser.autoEndPos(ScalametaParser.scala:339)
	at scala.meta.internal.parsers.ScalametaParser.autoEndPos(ScalametaParser.scala:341)
	at scala.meta.internal.parsers.ScalametaParser.objectDef(ScalametaParser.scala:3671)
	at scala.meta.internal.parsers.ScalametaParser.tmplDef(ScalametaParser.scala:3548)
	at scala.meta.internal.parsers.ScalametaParser.topLevelTmplDef(ScalametaParser.scala:3529)
	at scala.meta.internal.parsers.ScalametaParser$$anonfun$4.applyOrElse(ScalametaParser.scala:4116)
	at scala.meta.internal.parsers.ScalametaParser$$anonfun$4.applyOrElse(ScalametaParser.scala:4104)
	at scala.PartialFunction.$anonfun$runWith$1(PartialFunction.scala:231)
	at scala.PartialFunction.$anonfun$runWith$1$adapted(PartialFunction.scala:230)
	at scala.meta.internal.parsers.ScalametaParser.statSeqBuf(ScalametaParser.scala:4097)
	at scala.meta.internal.parsers.ScalametaParser.$anonfun$batchSource$14(ScalametaParser.scala:4311)
	at scala.Option.getOrElse(Option.scala:201)
	at scala.meta.internal.parsers.ScalametaParser.$anonfun$batchSource$1(ScalametaParser.scala:4311)
	at scala.meta.internal.parsers.ScalametaParser.atPos(ScalametaParser.scala:296)
	at scala.meta.internal.parsers.ScalametaParser.autoPos(ScalametaParser.scala:337)
	at scala.meta.internal.parsers.ScalametaParser.batchSource(ScalametaParser.scala:4266)
	at scala.meta.internal.parsers.ScalametaParser.$anonfun$source$1(ScalametaParser.scala:4259)
	at scala.meta.internal.parsers.ScalametaParser.atPos(ScalametaParser.scala:296)
	at scala.meta.internal.parsers.ScalametaParser.autoPos(ScalametaParser.scala:337)
	at scala.meta.internal.parsers.ScalametaParser.source(ScalametaParser.scala:4259)
	at scala.meta.internal.parsers.ScalametaParser.entrypointSource(ScalametaParser.scala:4264)
	at scala.meta.internal.parsers.ScalametaParser.parseSourceImpl(ScalametaParser.scala:132)
	at scala.meta.internal.parsers.ScalametaParser.$anonfun$parseSource$1(ScalametaParser.scala:129)
	at scala.meta.internal.parsers.ScalametaParser.parseRuleAfterBOF(ScalametaParser.scala:56)
	at scala.meta.internal.parsers.ScalametaParser.parseRule(ScalametaParser.scala:51)
	at scala.meta.internal.parsers.ScalametaParser.parseSource(ScalametaParser.scala:129)
	at scala.meta.parsers.Parse$.$anonfun$parseSource$1(Parse.scala:29)
	at scala.meta.parsers.Parse$$anon$1.apply(Parse.scala:36)
	at scala.meta.parsers.Api$XtensionParseDialectInput.parse(Api.scala:25)
	at scala.meta.internal.parsing.Trees.$anonfun$parse$2(Trees.scala:128)
	at scala.Option.map(Option.scala:242)
	at scala.meta.internal.parsing.Trees.parse(Trees.scala:121)
	at scala.meta.internal.parsing.Trees.didChange(Trees.scala:91)
	at scala.meta.internal.metals.MetalsLanguageServer.$anonfun$parseTreesAndPublishDiags$2(MetalsLanguageServer.scala:311)
	at scala.runtime.java8.JFunction0$mcV$sp.apply(JFunction0$mcV$sp.scala:18)
	at scala.concurrent.Future$.$anonfun$apply$1(Future.scala:678)
	at scala.concurrent.impl.Promise$Transformation.run(Promise.scala:467)
	... 3 more

Jul 29, 2022 11:35:34 AM org.eclipse.lsp4j.jsonrpc.RemoteEndpoint fallbackResponseError
SEVERE: Internal error: org.scalameta.invariants.InvariantFailedException: invariant failed:
when verifying cases.!=(null).&&(cases.nonEmpty)
found that cases.nonEmpty is false
where cases = List()
java.util.concurrent.CompletionException: org.scalameta.invariants.InvariantFailedException: invariant failed:
when verifying cases.!=(null).&&(cases.nonEmpty)
found that cases.nonEmpty is false
where cases = List()
	at java.util.concurrent.CompletableFuture.encodeThrowable(CompletableFuture.java:292)
	at java.util.concurrent.CompletableFuture.completeThrowable(CompletableFuture.java:308)
	at java.util.concurrent.CompletableFuture.uniAccept(CompletableFuture.java:647)
	at java.util.concurrent.CompletableFuture$UniAccept.tryFire(CompletableFuture.java:632)
	at java.util.concurrent.CompletableFuture.postComplete(CompletableFuture.java:474)
	at java.util.concurrent.CompletableFuture.completeExceptionally(CompletableFuture.java:1977)
	at scala.meta.internal.metals.CancelTokens$.$anonfun$future$1(CancelTokens.scala:40)
	at scala.meta.internal.metals.CancelTokens$.$anonfun$future$1$adapted(CancelTokens.scala:38)
	at scala.concurrent.impl.Promise$Transformation.run(Promise.scala:484)
	at java.util.concurrent.ThreadPoolExecutor.runWorker(ThreadPoolExecutor.java:1149)
	at java.util.concurrent.ThreadPoolExecutor$Worker.run(ThreadPoolExecutor.java:624)
	at java.lang.Thread.run(Thread.java:748)
Caused by: org.scalameta.invariants.InvariantFailedException: invariant failed:
when verifying cases.!=(null).&&(cases.nonEmpty)
found that cases.nonEmpty is false
where cases = List()
	at org.scalameta.invariants.InvariantFailedException$.raise(Exceptions.scala:19)
	at scala.meta.Type$Match$.internal$181(Trees.scala:259)
	at scala.meta.Type$Match$.apply(Trees.scala:259)
	at scala.meta.internal.parsers.ScalametaParser$PatternContextSensitive.$anonfun$typ$1(ScalametaParser.scala:760)
	at scala.meta.internal.parsers.ScalametaParser.atPos(ScalametaParser.scala:296)
	at scala.meta.internal.parsers.ScalametaParser.autoPos(ScalametaParser.scala:337)
	at scala.meta.internal.parsers.ScalametaParser$PatternContextSensitive.typ(ScalametaParser.scala:751)
	at scala.meta.internal.parsers.ScalametaParser$PatternContextSensitive.typ$(ScalametaParser.scala:751)
	at scala.meta.internal.parsers.ScalametaParser$outPattern$.typ(ScalametaParser.scala:2623)
	at scala.meta.internal.parsers.ScalametaParser.typ(ScalametaParser.scala:2645)
	at scala.meta.internal.parsers.ScalametaParser.typedOpt(ScalametaParser.scala:1313)
	at scala.meta.internal.parsers.ScalametaParser.$anonfun$funDefRest$3(ScalametaParser.scala:3451)
	at scala.meta.internal.parsers.NestedContext.within(NestedContext.scala:9)
	at scala.meta.internal.parsers.NestedContext.within$(NestedContext.scala:6)
	at scala.meta.internal.parsers.ReturnTypeContext$.within(NestedContext.scala:21)
	at scala.meta.internal.parsers.ScalametaParser.$anonfun$funDefRest$1(ScalametaParser.scala:3451)
	at scala.meta.internal.parsers.ScalametaParser.autoEndPos(ScalametaParser.scala:339)
	at scala.meta.internal.parsers.ScalametaParser.autoEndPos(ScalametaParser.scala:341)
	at scala.meta.internal.parsers.ScalametaParser.funDefRest(ScalametaParser.scala:3433)
	at scala.meta.internal.parsers.ScalametaParser.funDefOrDclOrExtensionOrSecondaryCtor(ScalametaParser.scala:3378)
	at scala.meta.internal.parsers.ScalametaParser.defOrDclOrSecondaryCtor(ScalametaParser.scala:3217)
	at scala.meta.internal.parsers.ScalametaParser.nonLocalDefOrDcl(ScalametaParser.scala:3196)
	at scala.meta.internal.parsers.ScalametaParser$$anonfun$templateStat$1.applyOrElse(ScalametaParser.scala:4151)
	at scala.meta.internal.parsers.ScalametaParser$$anonfun$templateStat$1.applyOrElse(ScalametaParser.scala:4145)
	at scala.PartialFunction.$anonfun$runWith$1(PartialFunction.scala:231)
	at scala.PartialFunction.$anonfun$runWith$1$adapted(PartialFunction.scala:230)
	at scala.meta.internal.parsers.ScalametaParser.statSeqBuf(ScalametaParser.scala:4097)
	at scala.meta.internal.parsers.ScalametaParser.$anonfun$templateStatSeq$1(ScalametaParser.scala:4137)
	at scala.meta.internal.parsers.ScalametaParser.$anonfun$templateStatSeq$1$adapted(ScalametaParser.scala:4136)
	at scala.meta.internal.parsers.ScalametaParser.scala$meta$internal$parsers$ScalametaParser$$listBy(ScalametaParser.scala:508)
	at scala.meta.internal.parsers.ScalametaParser.templateStatSeq(ScalametaParser.scala:4136)
	at scala.meta.internal.parsers.ScalametaParser.$anonfun$templateBody$1(ScalametaParser.scala:3982)
	at scala.meta.internal.parsers.ScalametaParser.inBracesOr(ScalametaParser.scala:231)
	at scala.meta.internal.parsers.ScalametaParser.inBraces(ScalametaParser.scala:227)
	at scala.meta.internal.parsers.ScalametaParser.templateBody(ScalametaParser.scala:3982)
	at scala.meta.internal.parsers.ScalametaParser.templateBodyOpt(ScalametaParser.scala:3990)
	at scala.meta.internal.parsers.ScalametaParser.template(ScalametaParser.scala:3904)
	at scala.meta.internal.parsers.ScalametaParser.$anonfun$template$1(ScalametaParser.scala:3926)
	at scala.meta.internal.parsers.ScalametaParser.atPos(ScalametaParser.scala:296)
	at scala.meta.internal.parsers.ScalametaParser.autoPos(ScalametaParser.scala:337)
	at scala.meta.internal.parsers.ScalametaParser.template(ScalametaParser.scala:3913)
	at scala.meta.internal.parsers.ScalametaParser.$anonfun$templateOpt$1(ScalametaParser.scala:3956)
	at scala.meta.internal.parsers.ScalametaParser.atPos(ScalametaParser.scala:296)
	at scala.meta.internal.parsers.ScalametaParser.autoPos(ScalametaParser.scala:337)
	at scala.meta.internal.parsers.ScalametaParser.templateOpt(ScalametaParser.scala:3945)
	at scala.meta.internal.parsers.ScalametaParser.$anonfun$objectDef$1(ScalametaParser.scala:3679)
	at scala.meta.internal.parsers.ScalametaParser.autoEndPos(ScalametaParser.scala:339)
	at scala.meta.internal.parsers.ScalametaParser.autoEndPos(ScalametaParser.scala:341)
	at scala.meta.internal.parsers.ScalametaParser.objectDef(ScalametaParser.scala:3671)
	at scala.meta.internal.parsers.ScalametaParser.tmplDef(ScalametaParser.scala:3548)
	at scala.meta.internal.parsers.ScalametaParser.topLevelTmplDef(ScalametaParser.scala:3529)
	at scala.meta.internal.parsers.ScalametaParser$$anonfun$4.applyOrElse(ScalametaParser.scala:4116)
	at scala.meta.internal.parsers.ScalametaParser$$anonfun$4.applyOrElse(ScalametaParser.scala:4104)
	at scala.PartialFunction.$anonfun$runWith$1(PartialFunction.scala:231)
	at scala.PartialFunction.$anonfun$runWith$1$adapted(PartialFunction.scala:230)
	at scala.meta.internal.parsers.ScalametaParser.statSeqBuf(ScalametaParser.scala:4097)
	at scala.meta.internal.parsers.ScalametaParser.$anonfun$batchSource$14(ScalametaParser.scala:4311)
	at scala.Option.getOrElse(Option.scala:201)
	at scala.meta.internal.parsers.ScalametaParser.$anonfun$batchSource$1(ScalametaParser.scala:4311)
	at scala.meta.internal.parsers.ScalametaParser.atPos(ScalametaParser.scala:296)
	at scala.meta.internal.parsers.ScalametaParser.autoPos(ScalametaParser.scala:337)
	at scala.meta.internal.parsers.ScalametaParser.batchSource(ScalametaParser.scala:4266)
	at scala.meta.internal.parsers.ScalametaParser.$anonfun$source$1(ScalametaParser.scala:4259)
	at scala.meta.internal.parsers.ScalametaParser.atPos(ScalametaParser.scala:296)
	at scala.meta.internal.parsers.ScalametaParser.autoPos(ScalametaParser.scala:337)
	at scala.meta.internal.parsers.ScalametaParser.source(ScalametaParser.scala:4259)
	at scala.meta.internal.parsers.ScalametaParser.entrypointSource(ScalametaParser.scala:4264)
	at scala.meta.internal.parsers.ScalametaParser.parseSourceImpl(ScalametaParser.scala:132)
	at scala.meta.internal.parsers.ScalametaParser.$anonfun$parseSource$1(ScalametaParser.scala:129)
	at scala.meta.internal.parsers.ScalametaParser.parseRuleAfterBOF(ScalametaParser.scala:56)
	at scala.meta.internal.parsers.ScalametaParser.parseRule(ScalametaParser.scala:51)
	at scala.meta.internal.parsers.ScalametaParser.parseSource(ScalametaParser.scala:129)
	at scala.meta.parsers.Parse$.$anonfun$parseSource$1(Parse.scala:29)
	at scala.meta.parsers.Parse$$anon$1.apply(Parse.scala:36)
	at scala.meta.parsers.Api$XtensionParseDialectInput.parse(Api.scala:25)
	at scala.meta.internal.parsing.Trees.$anonfun$parse$2(Trees.scala:128)
	at scala.Option.map(Option.scala:242)
	at scala.meta.internal.parsing.Trees.parse(Trees.scala:121)
	at scala.meta.internal.parsing.Trees.didChange(Trees.scala:91)
	at scala.meta.internal.metals.MetalsLanguageServer.$anonfun$parseTreesAndPublishDiags$2(MetalsLanguageServer.scala:311)
	at scala.runtime.java8.JFunction0$mcV$sp.apply(JFunction0$mcV$sp.scala:18)
	at scala.concurrent.Future$.$anonfun$apply$1(Future.scala:678)
	at scala.concurrent.impl.Promise$Transformation.run(Promise.scala:467)
	... 3 more

2022.07.29 11:35:58 WARN  no build target for: E:\scala tute4\Q1.scala
Jul 29, 2022 11:38:14 AM org.eclipse.lsp4j.jsonrpc.RemoteEndpoint handleCancellation
WARNING: Unmatched cancel notification for request id 498
2022.07.29 11:39:20 WARN  no build target for: E:\scala tute4\Q1.scala
2022.07.29 11:40:57 WARN  no build target for: E:\scala tute4\Q1.scala
2022.07.29 11:41:37 WARN  no build target for: E:\scala tute4\Q1.scala
2022.07.29 11:43:13 WARN  no build target for: E:\scala tute4\Q1.scala
2022.07.29 11:43:50 WARN  no build target for: E:\scala tute4\Q1.scala
2022.07.29 11:44:23 WARN  no build target for: E:\scala tute4\Q1.scala
2022.07.29 11:44:42 WARN  no build target for: E:\scala tute4\Q1.scala
2022.07.29 11:45:20 WARN  no build target for: E:\scala tute4\Q1.scala
2022.07.29 11:45:28 WARN  no build target for: E:\scala tute4\Q1.scala
2022.07.29 11:55:13 WARN  no build target for: E:\scala tute4\Q1.scala
2022.07.29 11:57:16 WARN  no build target for: E:\scala tute4\Q1.scala
2022.07.29 11:57:34 WARN  no build target for: E:\scala tute4\Q2.scala
Jul 29, 2022 12:14:13 PM org.eclipse.lsp4j.jsonrpc.RemoteEndpoint fallbackResponseError
SEVERE: Internal error: java.lang.reflect.InvocationTargetException
java.lang.RuntimeException: java.lang.reflect.InvocationTargetException
	at org.eclipse.lsp4j.jsonrpc.services.GenericEndpoint.lambda$null$0(GenericEndpoint.java:67)
	at org.eclipse.lsp4j.jsonrpc.services.GenericEndpoint.request(GenericEndpoint.java:120)
	at org.eclipse.lsp4j.jsonrpc.RemoteEndpoint.handleRequest(RemoteEndpoint.java:261)
	at org.eclipse.lsp4j.jsonrpc.RemoteEndpoint.consume(RemoteEndpoint.java:190)
	at org.eclipse.lsp4j.jsonrpc.json.StreamMessageProducer.handleMessage(StreamMessageProducer.java:194)
	at org.eclipse.lsp4j.jsonrpc.json.StreamMessageProducer.listen(StreamMessageProducer.java:94)
	at org.eclipse.lsp4j.jsonrpc.json.ConcurrentMessageProcessor.run(ConcurrentMessageProcessor.java:113)
	at java.util.concurrent.Executors$RunnableAdapter.call(Executors.java:511)
	at java.util.concurrent.FutureTask.run(FutureTask.java:266)
	at java.util.concurrent.ThreadPoolExecutor.runWorker(ThreadPoolExecutor.java:1149)
	at java.util.concurrent.ThreadPoolExecutor$Worker.run(ThreadPoolExecutor.java:624)
	at java.lang.Thread.run(Thread.java:748)
Caused by: java.lang.reflect.InvocationTargetException
	at sun.reflect.GeneratedMethodAccessor1.invoke(Unknown Source)
	at sun.reflect.DelegatingMethodAccessorImpl.invoke(DelegatingMethodAccessorImpl.java:43)
	at java.lang.reflect.Method.invoke(Method.java:498)
	at org.eclipse.lsp4j.jsonrpc.services.GenericEndpoint.lambda$null$0(GenericEndpoint.java:65)
	... 11 more
Caused by: java.lang.IllegalArgumentException: 24 is not a valid line number, allowed [0..0]
	at scala.meta.internal.inputs.InternalInput.lineToOffset(InternalInput.scala:37)
	at scala.meta.internal.inputs.InternalInput.lineToOffset$(InternalInput.scala:32)
	at scala.meta.inputs.Input$VirtualFile.lineToOffset(Input.scala:80)
	at scala.meta.inputs.Position$Range$.apply(Position.scala:59)
	at scala.meta.internal.mtags.MtagsEnrichments$XtensionPositionLspInverse.toMeta(MtagsEnrichments.scala:179)
	at scala.meta.internal.parsing.Trees.$anonfun$findLastEnclosingAt$4(Trees.scala:77)
	at scala.Option.flatMap(Option.scala:283)
	at scala.meta.internal.parsing.Trees.findLastEnclosingAt(Trees.scala:76)
	at scala.meta.internal.metals.codeactions.PatternMatchRefactor.contribute(PatternMatchRefactor.scala:96)
	at scala.meta.internal.metals.CodeActionProvider$$anonfun$1.applyOrElse(CodeActionProvider.scala:66)
	at scala.meta.internal.metals.CodeActionProvider$$anonfun$1.applyOrElse(CodeActionProvider.scala:65)
	at scala.collection.immutable.List.collect(List.scala:275)
	at scala.meta.internal.metals.CodeActionProvider.codeActions(CodeActionProvider.scala:65)
	at scala.meta.internal.metals.MetalsLanguageServer.$anonfun$codeAction$1(MetalsLanguageServer.scala:1652)
	at scala.meta.internal.metals.CancelTokens$.future(CancelTokens.scala:38)
	at scala.meta.internal.metals.MetalsLanguageServer.codeAction(MetalsLanguageServer.scala:1651)
	... 15 more

Jul 29, 2022 12:14:13 PM org.eclipse.lsp4j.jsonrpc.RemoteEndpoint fallbackResponseError
SEVERE: Internal error: java.lang.reflect.InvocationTargetException
java.lang.RuntimeException: java.lang.reflect.InvocationTargetException
	at org.eclipse.lsp4j.jsonrpc.services.GenericEndpoint.lambda$null$0(GenericEndpoint.java:67)
	at org.eclipse.lsp4j.jsonrpc.services.GenericEndpoint.request(GenericEndpoint.java:120)
	at org.eclipse.lsp4j.jsonrpc.RemoteEndpoint.handleRequest(RemoteEndpoint.java:261)
	at org.eclipse.lsp4j.jsonrpc.RemoteEndpoint.consume(RemoteEndpoint.java:190)
	at org.eclipse.lsp4j.jsonrpc.json.StreamMessageProducer.handleMessage(StreamMessageProducer.java:194)
	at org.eclipse.lsp4j.jsonrpc.json.StreamMessageProducer.listen(StreamMessageProducer.java:94)
	at org.eclipse.lsp4j.jsonrpc.json.ConcurrentMessageProcessor.run(ConcurrentMessageProcessor.java:113)
	at java.util.concurrent.Executors$RunnableAdapter.call(Executors.java:511)
	at java.util.concurrent.FutureTask.run(FutureTask.java:266)
	at java.util.concurrent.ThreadPoolExecutor.runWorker(ThreadPoolExecutor.java:1149)
	at java.util.concurrent.ThreadPoolExecutor$Worker.run(ThreadPoolExecutor.java:624)
	at java.lang.Thread.run(Thread.java:748)
Caused by: java.lang.reflect.InvocationTargetException
	at sun.reflect.GeneratedMethodAccessor1.invoke(Unknown Source)
	at sun.reflect.DelegatingMethodAccessorImpl.invoke(DelegatingMethodAccessorImpl.java:43)
	at java.lang.reflect.Method.invoke(Method.java:498)
	at org.eclipse.lsp4j.jsonrpc.services.GenericEndpoint.lambda$null$0(GenericEndpoint.java:65)
	... 11 more
Caused by: java.lang.IllegalArgumentException: 24 is not a valid line number, allowed [0..0]
	at scala.meta.internal.inputs.InternalInput.lineToOffset(InternalInput.scala:37)
	at scala.meta.internal.inputs.InternalInput.lineToOffset$(InternalInput.scala:32)
	at scala.meta.inputs.Input$VirtualFile.lineToOffset(Input.scala:80)
	at scala.meta.inputs.Position$Range$.apply(Position.scala:59)
	at scala.meta.internal.mtags.MtagsEnrichments$XtensionPositionLspInverse.toMeta(MtagsEnrichments.scala:179)
	at scala.meta.internal.parsing.Trees.$anonfun$findLastEnclosingAt$4(Trees.scala:77)
	at scala.Option.flatMap(Option.scala:283)
	at scala.meta.internal.parsing.Trees.findLastEnclosingAt(Trees.scala:76)
	at scala.meta.internal.metals.codeactions.PatternMatchRefactor.contribute(PatternMatchRefactor.scala:96)
	at scala.meta.internal.metals.CodeActionProvider$$anonfun$1.applyOrElse(CodeActionProvider.scala:66)
	at scala.meta.internal.metals.CodeActionProvider$$anonfun$1.applyOrElse(CodeActionProvider.scala:65)
	at scala.collection.immutable.List.collect(List.scala:275)
	at scala.meta.internal.metals.CodeActionProvider.codeActions(CodeActionProvider.scala:65)
	at scala.meta.internal.metals.MetalsLanguageServer.$anonfun$codeAction$1(MetalsLanguageServer.scala:1652)
	at scala.meta.internal.metals.CancelTokens$.future(CancelTokens.scala:38)
	at scala.meta.internal.metals.MetalsLanguageServer.codeAction(MetalsLanguageServer.scala:1651)
	... 15 more

Jul 29, 2022 12:15:47 PM org.eclipse.lsp4j.jsonrpc.RemoteEndpoint fallbackResponseError
SEVERE: Internal error: java.lang.reflect.InvocationTargetException
java.lang.RuntimeException: java.lang.reflect.InvocationTargetException
	at org.eclipse.lsp4j.jsonrpc.services.GenericEndpoint.lambda$null$0(GenericEndpoint.java:67)
	at org.eclipse.lsp4j.jsonrpc.services.GenericEndpoint.request(GenericEndpoint.java:120)
	at org.eclipse.lsp4j.jsonrpc.RemoteEndpoint.handleRequest(RemoteEndpoint.java:261)
	at org.eclipse.lsp4j.jsonrpc.RemoteEndpoint.consume(RemoteEndpoint.java:190)
	at org.eclipse.lsp4j.jsonrpc.json.StreamMessageProducer.handleMessage(StreamMessageProducer.java:194)
	at org.eclipse.lsp4j.jsonrpc.json.StreamMessageProducer.listen(StreamMessageProducer.java:94)
	at org.eclipse.lsp4j.jsonrpc.json.ConcurrentMessageProcessor.run(ConcurrentMessageProcessor.java:113)
	at java.util.concurrent.Executors$RunnableAdapter.call(Executors.java:511)
	at java.util.concurrent.FutureTask.run(FutureTask.java:266)
	at java.util.concurrent.ThreadPoolExecutor.runWorker(ThreadPoolExecutor.java:1149)
	at java.util.concurrent.ThreadPoolExecutor$Worker.run(ThreadPoolExecutor.java:624)
	at java.lang.Thread.run(Thread.java:748)
Caused by: java.lang.reflect.InvocationTargetException
	at sun.reflect.GeneratedMethodAccessor1.invoke(Unknown Source)
	at sun.reflect.DelegatingMethodAccessorImpl.invoke(DelegatingMethodAccessorImpl.java:43)
	at java.lang.reflect.Method.invoke(Method.java:498)
	at org.eclipse.lsp4j.jsonrpc.services.GenericEndpoint.lambda$null$0(GenericEndpoint.java:65)
	... 11 more
Caused by: java.lang.IllegalArgumentException: 13 is not a valid line number, allowed [0..0]
	at scala.meta.internal.inputs.InternalInput.lineToOffset(InternalInput.scala:37)
	at scala.meta.internal.inputs.InternalInput.lineToOffset$(InternalInput.scala:32)
	at scala.meta.inputs.Input$VirtualFile.lineToOffset(Input.scala:80)
	at scala.meta.inputs.Position$Range$.apply(Position.scala:59)
	at scala.meta.internal.mtags.MtagsEnrichments$XtensionPositionLspInverse.toMeta(MtagsEnrichments.scala:179)
	at scala.meta.internal.parsing.Trees.$anonfun$findLastEnclosingAt$4(Trees.scala:77)
	at scala.Option.flatMap(Option.scala:283)
	at scala.meta.internal.parsing.Trees.findLastEnclosingAt(Trees.scala:76)
	at scala.meta.internal.metals.codeactions.PatternMatchRefactor.contribute(PatternMatchRefactor.scala:96)
	at scala.meta.internal.metals.CodeActionProvider$$anonfun$1.applyOrElse(CodeActionProvider.scala:66)
	at scala.meta.internal.metals.CodeActionProvider$$anonfun$1.applyOrElse(CodeActionProvider.scala:65)
	at scala.collection.immutable.List.collect(List.scala:275)
	at scala.meta.internal.metals.CodeActionProvider.codeActions(CodeActionProvider.scala:65)
	at scala.meta.internal.metals.MetalsLanguageServer.$anonfun$codeAction$1(MetalsLanguageServer.scala:1652)
	at scala.meta.internal.metals.CancelTokens$.future(CancelTokens.scala:38)
	at scala.meta.internal.metals.MetalsLanguageServer.codeAction(MetalsLanguageServer.scala:1651)
	... 15 more

Jul 29, 2022 12:15:48 PM org.eclipse.lsp4j.jsonrpc.RemoteEndpoint fallbackResponseError
SEVERE: Internal error: java.lang.reflect.InvocationTargetException
java.lang.RuntimeException: java.lang.reflect.InvocationTargetException
	at org.eclipse.lsp4j.jsonrpc.services.GenericEndpoint.lambda$null$0(GenericEndpoint.java:67)
	at org.eclipse.lsp4j.jsonrpc.services.GenericEndpoint.request(GenericEndpoint.java:120)
	at org.eclipse.lsp4j.jsonrpc.RemoteEndpoint.handleRequest(RemoteEndpoint.java:261)
	at org.eclipse.lsp4j.jsonrpc.RemoteEndpoint.consume(RemoteEndpoint.java:190)
	at org.eclipse.lsp4j.jsonrpc.json.StreamMessageProducer.handleMessage(StreamMessageProducer.java:194)
	at org.eclipse.lsp4j.jsonrpc.json.StreamMessageProducer.listen(StreamMessageProducer.java:94)
	at org.eclipse.lsp4j.jsonrpc.json.ConcurrentMessageProcessor.run(ConcurrentMessageProcessor.java:113)
	at java.util.concurrent.Executors$RunnableAdapter.call(Executors.java:511)
	at java.util.concurrent.FutureTask.run(FutureTask.java:266)
	at java.util.concurrent.ThreadPoolExecutor.runWorker(ThreadPoolExecutor.java:1149)
	at java.util.concurrent.ThreadPoolExecutor$Worker.run(ThreadPoolExecutor.java:624)
	at java.lang.Thread.run(Thread.java:748)
Caused by: java.lang.reflect.InvocationTargetException
	at sun.reflect.GeneratedMethodAccessor1.invoke(Unknown Source)
	at sun.reflect.DelegatingMethodAccessorImpl.invoke(DelegatingMethodAccessorImpl.java:43)
	at java.lang.reflect.Method.invoke(Method.java:498)
	at org.eclipse.lsp4j.jsonrpc.services.GenericEndpoint.lambda$null$0(GenericEndpoint.java:65)
	... 11 more
Caused by: java.lang.IllegalArgumentException: 13 is not a valid line number, allowed [0..0]
	at scala.meta.internal.inputs.InternalInput.lineToOffset(InternalInput.scala:37)
	at scala.meta.internal.inputs.InternalInput.lineToOffset$(InternalInput.scala:32)
	at scala.meta.inputs.Input$VirtualFile.lineToOffset(Input.scala:80)
	at scala.meta.inputs.Position$Range$.apply(Position.scala:59)
	at scala.meta.internal.mtags.MtagsEnrichments$XtensionPositionLspInverse.toMeta(MtagsEnrichments.scala:179)
	at scala.meta.internal.parsing.Trees.$anonfun$findLastEnclosingAt$4(Trees.scala:77)
	at scala.Option.flatMap(Option.scala:283)
	at scala.meta.internal.parsing.Trees.findLastEnclosingAt(Trees.scala:76)
	at scala.meta.internal.metals.codeactions.PatternMatchRefactor.contribute(PatternMatchRefactor.scala:96)
	at scala.meta.internal.metals.CodeActionProvider$$anonfun$1.applyOrElse(CodeActionProvider.scala:66)
	at scala.meta.internal.metals.CodeActionProvider$$anonfun$1.applyOrElse(CodeActionProvider.scala:65)
	at scala.collection.immutable.List.collect(List.scala:275)
	at scala.meta.internal.metals.CodeActionProvider.codeActions(CodeActionProvider.scala:65)
	at scala.meta.internal.metals.MetalsLanguageServer.$anonfun$codeAction$1(MetalsLanguageServer.scala:1652)
	at scala.meta.internal.metals.CancelTokens$.future(CancelTokens.scala:38)
	at scala.meta.internal.metals.MetalsLanguageServer.codeAction(MetalsLanguageServer.scala:1651)
	... 15 more

Jul 29, 2022 12:15:49 PM org.eclipse.lsp4j.jsonrpc.RemoteEndpoint fallbackResponseError
SEVERE: Internal error: java.lang.reflect.InvocationTargetException
java.lang.RuntimeException: java.lang.reflect.InvocationTargetException
	at org.eclipse.lsp4j.jsonrpc.services.GenericEndpoint.lambda$null$0(GenericEndpoint.java:67)
	at org.eclipse.lsp4j.jsonrpc.services.GenericEndpoint.request(GenericEndpoint.java:120)
	at org.eclipse.lsp4j.jsonrpc.RemoteEndpoint.handleRequest(RemoteEndpoint.java:261)
	at org.eclipse.lsp4j.jsonrpc.RemoteEndpoint.consume(RemoteEndpoint.java:190)
	at org.eclipse.lsp4j.jsonrpc.json.StreamMessageProducer.handleMessage(StreamMessageProducer.java:194)
	at org.eclipse.lsp4j.jsonrpc.json.StreamMessageProducer.listen(StreamMessageProducer.java:94)
	at org.eclipse.lsp4j.jsonrpc.json.ConcurrentMessageProcessor.run(ConcurrentMessageProcessor.java:113)
	at java.util.concurrent.Executors$RunnableAdapter.call(Executors.java:511)
	at java.util.concurrent.FutureTask.run(FutureTask.java:266)
	at java.util.concurrent.ThreadPoolExecutor.runWorker(ThreadPoolExecutor.java:1149)
	at java.util.concurrent.ThreadPoolExecutor$Worker.run(ThreadPoolExecutor.java:624)
	at java.lang.Thread.run(Thread.java:748)
Caused by: java.lang.reflect.InvocationTargetException
	at sun.reflect.GeneratedMethodAccessor1.invoke(Unknown Source)
	at sun.reflect.DelegatingMethodAccessorImpl.invoke(DelegatingMethodAccessorImpl.java:43)
	at java.lang.reflect.Method.invoke(Method.java:498)
	at org.eclipse.lsp4j.jsonrpc.services.GenericEndpoint.lambda$null$0(GenericEndpoint.java:65)
	... 11 more
Caused by: java.lang.IllegalArgumentException: 13 is not a valid line number, allowed [0..0]
	at scala.meta.internal.inputs.InternalInput.lineToOffset(InternalInput.scala:37)
	at scala.meta.internal.inputs.InternalInput.lineToOffset$(InternalInput.scala:32)
	at scala.meta.inputs.Input$VirtualFile.lineToOffset(Input.scala:80)
	at scala.meta.inputs.Position$Range$.apply(Position.scala:59)
	at scala.meta.internal.mtags.MtagsEnrichments$XtensionPositionLspInverse.toMeta(MtagsEnrichments.scala:179)
	at scala.meta.internal.parsing.Trees.$anonfun$findLastEnclosingAt$4(Trees.scala:77)
	at scala.Option.flatMap(Option.scala:283)
	at scala.meta.internal.parsing.Trees.findLastEnclosingAt(Trees.scala:76)
	at scala.meta.internal.metals.codeactions.PatternMatchRefactor.contribute(PatternMatchRefactor.scala:96)
	at scala.meta.internal.metals.CodeActionProvider$$anonfun$1.applyOrElse(CodeActionProvider.scala:66)
	at scala.meta.internal.metals.CodeActionProvider$$anonfun$1.applyOrElse(CodeActionProvider.scala:65)
	at scala.collection.immutable.List.collect(List.scala:275)
	at scala.meta.internal.metals.CodeActionProvider.codeActions(CodeActionProvider.scala:65)
	at scala.meta.internal.metals.MetalsLanguageServer.$anonfun$codeAction$1(MetalsLanguageServer.scala:1652)
	at scala.meta.internal.metals.CancelTokens$.future(CancelTokens.scala:38)
	at scala.meta.internal.metals.MetalsLanguageServer.codeAction(MetalsLanguageServer.scala:1651)
	... 15 more

Jul 29, 2022 12:15:51 PM org.eclipse.lsp4j.jsonrpc.RemoteEndpoint fallbackResponseError
SEVERE: Internal error: java.lang.reflect.InvocationTargetException
java.lang.RuntimeException: java.lang.reflect.InvocationTargetException
	at org.eclipse.lsp4j.jsonrpc.services.GenericEndpoint.lambda$null$0(GenericEndpoint.java:67)
	at org.eclipse.lsp4j.jsonrpc.services.GenericEndpoint.request(GenericEndpoint.java:120)
	at org.eclipse.lsp4j.jsonrpc.RemoteEndpoint.handleRequest(RemoteEndpoint.java:261)
	at org.eclipse.lsp4j.jsonrpc.RemoteEndpoint.consume(RemoteEndpoint.java:190)
	at org.eclipse.lsp4j.jsonrpc.json.StreamMessageProducer.handleMessage(StreamMessageProducer.java:194)
	at org.eclipse.lsp4j.jsonrpc.json.StreamMessageProducer.listen(StreamMessageProducer.java:94)
	at org.eclipse.lsp4j.jsonrpc.json.ConcurrentMessageProcessor.run(ConcurrentMessageProcessor.java:113)
	at java.util.concurrent.Executors$RunnableAdapter.call(Executors.java:511)
	at java.util.concurrent.FutureTask.run(FutureTask.java:266)
	at java.util.concurrent.ThreadPoolExecutor.runWorker(ThreadPoolExecutor.java:1149)
	at java.util.concurrent.ThreadPoolExecutor$Worker.run(ThreadPoolExecutor.java:624)
	at java.lang.Thread.run(Thread.java:748)
Caused by: java.lang.reflect.InvocationTargetException
	at sun.reflect.GeneratedMethodAccessor1.invoke(Unknown Source)
	at sun.reflect.DelegatingMethodAccessorImpl.invoke(DelegatingMethodAccessorImpl.java:43)
	at java.lang.reflect.Method.invoke(Method.java:498)
	at org.eclipse.lsp4j.jsonrpc.services.GenericEndpoint.lambda$null$0(GenericEndpoint.java:65)
	... 11 more
Caused by: java.lang.IllegalArgumentException: 13 is not a valid line number, allowed [0..0]
	at scala.meta.internal.inputs.InternalInput.lineToOffset(InternalInput.scala:37)
	at scala.meta.internal.inputs.InternalInput.lineToOffset$(InternalInput.scala:32)
	at scala.meta.inputs.Input$VirtualFile.lineToOffset(Input.scala:80)
	at scala.meta.inputs.Position$Range$.apply(Position.scala:59)
	at scala.meta.internal.mtags.MtagsEnrichments$XtensionPositionLspInverse.toMeta(MtagsEnrichments.scala:179)
	at scala.meta.internal.parsing.Trees.$anonfun$findLastEnclosingAt$4(Trees.scala:77)
	at scala.Option.flatMap(Option.scala:283)
	at scala.meta.internal.parsing.Trees.findLastEnclosingAt(Trees.scala:76)
	at scala.meta.internal.metals.codeactions.PatternMatchRefactor.contribute(PatternMatchRefactor.scala:96)
	at scala.meta.internal.metals.CodeActionProvider$$anonfun$1.applyOrElse(CodeActionProvider.scala:66)
	at scala.meta.internal.metals.CodeActionProvider$$anonfun$1.applyOrElse(CodeActionProvider.scala:65)
	at scala.collection.immutable.List.collect(List.scala:275)
	at scala.meta.internal.metals.CodeActionProvider.codeActions(CodeActionProvider.scala:65)
	at scala.meta.internal.metals.MetalsLanguageServer.$anonfun$codeAction$1(MetalsLanguageServer.scala:1652)
	at scala.meta.internal.metals.CancelTokens$.future(CancelTokens.scala:38)
	at scala.meta.internal.metals.MetalsLanguageServer.codeAction(MetalsLanguageServer.scala:1651)
	... 15 more

2022.07.29 12:15:54 WARN  no build target for: E:\scala tute4\Q2.scala
Jul 29, 2022 12:15:54 PM org.eclipse.lsp4j.jsonrpc.RemoteEndpoint fallbackResponseError
SEVERE: Internal error: java.lang.reflect.InvocationTargetException
java.lang.RuntimeException: java.lang.reflect.InvocationTargetException
	at org.eclipse.lsp4j.jsonrpc.services.GenericEndpoint.lambda$null$0(GenericEndpoint.java:67)
	at org.eclipse.lsp4j.jsonrpc.services.GenericEndpoint.request(GenericEndpoint.java:120)
	at org.eclipse.lsp4j.jsonrpc.RemoteEndpoint.handleRequest(RemoteEndpoint.java:261)
	at org.eclipse.lsp4j.jsonrpc.RemoteEndpoint.consume(RemoteEndpoint.java:190)
	at org.eclipse.lsp4j.jsonrpc.json.StreamMessageProducer.handleMessage(StreamMessageProducer.java:194)
	at org.eclipse.lsp4j.jsonrpc.json.StreamMessageProducer.listen(StreamMessageProducer.java:94)
	at org.eclipse.lsp4j.jsonrpc.json.ConcurrentMessageProcessor.run(ConcurrentMessageProcessor.java:113)
	at java.util.concurrent.Executors$RunnableAdapter.call(Executors.java:511)
	at java.util.concurrent.FutureTask.run(FutureTask.java:266)
	at java.util.concurrent.ThreadPoolExecutor.runWorker(ThreadPoolExecutor.java:1149)
	at java.util.concurrent.ThreadPoolExecutor$Worker.run(ThreadPoolExecutor.java:624)
	at java.lang.Thread.run(Thread.java:748)
Caused by: java.lang.reflect.InvocationTargetException
	at sun.reflect.GeneratedMethodAccessor1.invoke(Unknown Source)
	at sun.reflect.DelegatingMethodAccessorImpl.invoke(DelegatingMethodAccessorImpl.java:43)
	at java.lang.reflect.Method.invoke(Method.java:498)
	at org.eclipse.lsp4j.jsonrpc.services.GenericEndpoint.lambda$null$0(GenericEndpoint.java:65)
	... 11 more
Caused by: java.lang.IllegalArgumentException: 13 is not a valid line number, allowed [0..0]
	at scala.meta.internal.inputs.InternalInput.lineToOffset(InternalInput.scala:37)
	at scala.meta.internal.inputs.InternalInput.lineToOffset$(InternalInput.scala:32)
	at scala.meta.inputs.Input$VirtualFile.lineToOffset(Input.scala:80)
	at scala.meta.inputs.Position$Range$.apply(Position.scala:59)
	at scala.meta.internal.mtags.MtagsEnrichments$XtensionPositionLspInverse.toMeta(MtagsEnrichments.scala:179)
	at scala.meta.internal.parsing.Trees.$anonfun$findLastEnclosingAt$4(Trees.scala:77)
	at scala.Option.flatMap(Option.scala:283)
	at scala.meta.internal.parsing.Trees.findLastEnclosingAt(Trees.scala:76)
	at scala.meta.internal.metals.codeactions.PatternMatchRefactor.contribute(PatternMatchRefactor.scala:96)
	at scala.meta.internal.metals.CodeActionProvider$$anonfun$1.applyOrElse(CodeActionProvider.scala:66)
	at scala.meta.internal.metals.CodeActionProvider$$anonfun$1.applyOrElse(CodeActionProvider.scala:65)
	at scala.collection.immutable.List.collect(List.scala:275)
	at scala.meta.internal.metals.CodeActionProvider.codeActions(CodeActionProvider.scala:65)
	at scala.meta.internal.metals.MetalsLanguageServer.$anonfun$codeAction$1(MetalsLanguageServer.scala:1652)
	at scala.meta.internal.metals.CancelTokens$.future(CancelTokens.scala:38)
	at scala.meta.internal.metals.MetalsLanguageServer.codeAction(MetalsLanguageServer.scala:1651)
	... 15 more

Jul 29, 2022 12:16:16 PM org.eclipse.lsp4j.jsonrpc.RemoteEndpoint fallbackResponseError
SEVERE: Internal error: java.lang.reflect.InvocationTargetException
java.lang.RuntimeException: java.lang.reflect.InvocationTargetException
	at org.eclipse.lsp4j.jsonrpc.services.GenericEndpoint.lambda$null$0(GenericEndpoint.java:67)
	at org.eclipse.lsp4j.jsonrpc.services.GenericEndpoint.request(GenericEndpoint.java:120)
	at org.eclipse.lsp4j.jsonrpc.RemoteEndpoint.handleRequest(RemoteEndpoint.java:261)
	at org.eclipse.lsp4j.jsonrpc.RemoteEndpoint.consume(RemoteEndpoint.java:190)
	at org.eclipse.lsp4j.jsonrpc.json.StreamMessageProducer.handleMessage(StreamMessageProducer.java:194)
	at org.eclipse.lsp4j.jsonrpc.json.StreamMessageProducer.listen(StreamMessageProducer.java:94)
	at org.eclipse.lsp4j.jsonrpc.json.ConcurrentMessageProcessor.run(ConcurrentMessageProcessor.java:113)
	at java.util.concurrent.Executors$RunnableAdapter.call(Executors.java:511)
	at java.util.concurrent.FutureTask.run(FutureTask.java:266)
	at java.util.concurrent.ThreadPoolExecutor.runWorker(ThreadPoolExecutor.java:1149)
	at java.util.concurrent.ThreadPoolExecutor$Worker.run(ThreadPoolExecutor.java:624)
	at java.lang.Thread.run(Thread.java:748)
Caused by: java.lang.reflect.InvocationTargetException
	at sun.reflect.GeneratedMethodAccessor1.invoke(Unknown Source)
	at sun.reflect.DelegatingMethodAccessorImpl.invoke(DelegatingMethodAccessorImpl.java:43)
	at java.lang.reflect.Method.invoke(Method.java:498)
	at org.eclipse.lsp4j.jsonrpc.services.GenericEndpoint.lambda$null$0(GenericEndpoint.java:65)
	... 11 more
Caused by: java.lang.IllegalArgumentException: 13 is not a valid line number, allowed [0..0]
	at scala.meta.internal.inputs.InternalInput.lineToOffset(InternalInput.scala:37)
	at scala.meta.internal.inputs.InternalInput.lineToOffset$(InternalInput.scala:32)
	at scala.meta.inputs.Input$VirtualFile.lineToOffset(Input.scala:80)
	at scala.meta.inputs.Position$Range$.apply(Position.scala:59)
	at scala.meta.internal.mtags.MtagsEnrichments$XtensionPositionLspInverse.toMeta(MtagsEnrichments.scala:179)
	at scala.meta.internal.parsing.Trees.$anonfun$findLastEnclosingAt$4(Trees.scala:77)
	at scala.Option.flatMap(Option.scala:283)
	at scala.meta.internal.parsing.Trees.findLastEnclosingAt(Trees.scala:76)
	at scala.meta.internal.metals.codeactions.PatternMatchRefactor.contribute(PatternMatchRefactor.scala:96)
	at scala.meta.internal.metals.CodeActionProvider$$anonfun$1.applyOrElse(CodeActionProvider.scala:66)
	at scala.meta.internal.metals.CodeActionProvider$$anonfun$1.applyOrElse(CodeActionProvider.scala:65)
	at scala.collection.immutable.List.collect(List.scala:275)
	at scala.meta.internal.metals.CodeActionProvider.codeActions(CodeActionProvider.scala:65)
	at scala.meta.internal.metals.MetalsLanguageServer.$anonfun$codeAction$1(MetalsLanguageServer.scala:1652)
	at scala.meta.internal.metals.CancelTokens$.future(CancelTokens.scala:38)
	at scala.meta.internal.metals.MetalsLanguageServer.codeAction(MetalsLanguageServer.scala:1651)
	... 15 more

Jul 29, 2022 12:16:20 PM org.eclipse.lsp4j.jsonrpc.RemoteEndpoint fallbackResponseError
SEVERE: Internal error: java.lang.reflect.InvocationTargetException
java.lang.RuntimeException: java.lang.reflect.InvocationTargetException
	at org.eclipse.lsp4j.jsonrpc.services.GenericEndpoint.lambda$null$0(GenericEndpoint.java:67)
	at org.eclipse.lsp4j.jsonrpc.services.GenericEndpoint.request(GenericEndpoint.java:120)
	at org.eclipse.lsp4j.jsonrpc.RemoteEndpoint.handleRequest(RemoteEndpoint.java:261)
	at org.eclipse.lsp4j.jsonrpc.RemoteEndpoint.consume(RemoteEndpoint.java:190)
	at org.eclipse.lsp4j.jsonrpc.json.StreamMessageProducer.handleMessage(StreamMessageProducer.java:194)
	at org.eclipse.lsp4j.jsonrpc.json.StreamMessageProducer.listen(StreamMessageProducer.java:94)
	at org.eclipse.lsp4j.jsonrpc.json.ConcurrentMessageProcessor.run(ConcurrentMessageProcessor.java:113)
	at java.util.concurrent.Executors$RunnableAdapter.call(Executors.java:511)
	at java.util.concurrent.FutureTask.run(FutureTask.java:266)
	at java.util.concurrent.ThreadPoolExecutor.runWorker(ThreadPoolExecutor.java:1149)
	at java.util.concurrent.ThreadPoolExecutor$Worker.run(ThreadPoolExecutor.java:624)
	at java.lang.Thread.run(Thread.java:748)
Caused by: java.lang.reflect.InvocationTargetException
	at sun.reflect.GeneratedMethodAccessor1.invoke(Unknown Source)
	at sun.reflect.DelegatingMethodAccessorImpl.invoke(DelegatingMethodAccessorImpl.java:43)
	at java.lang.reflect.Method.invoke(Method.java:498)
	at org.eclipse.lsp4j.jsonrpc.services.GenericEndpoint.lambda$null$0(GenericEndpoint.java:65)
	... 11 more
Caused by: java.lang.IllegalArgumentException: 1 is not a valid line number, allowed [0..0]
	at scala.meta.internal.inputs.InternalInput.lineToOffset(InternalInput.scala:37)
	at scala.meta.internal.inputs.InternalInput.lineToOffset$(InternalInput.scala:32)
	at scala.meta.inputs.Input$VirtualFile.lineToOffset(Input.scala:80)
	at scala.meta.inputs.Position$Range$.apply(Position.scala:59)
	at scala.meta.internal.mtags.MtagsEnrichments$XtensionPositionLspInverse.toMeta(MtagsEnrichments.scala:179)
	at scala.meta.internal.parsing.Trees.$anonfun$findLastEnclosingAt$4(Trees.scala:77)
	at scala.Option.flatMap(Option.scala:283)
	at scala.meta.internal.parsing.Trees.findLastEnclosingAt(Trees.scala:76)
	at scala.meta.internal.metals.codeactions.PatternMatchRefactor.contribute(PatternMatchRefactor.scala:96)
	at scala.meta.internal.metals.CodeActionProvider$$anonfun$1.applyOrElse(CodeActionProvider.scala:66)
	at scala.meta.internal.metals.CodeActionProvider$$anonfun$1.applyOrElse(CodeActionProvider.scala:65)
	at scala.collection.immutable.List.collect(List.scala:275)
	at scala.meta.internal.metals.CodeActionProvider.codeActions(CodeActionProvider.scala:65)
	at scala.meta.internal.metals.MetalsLanguageServer.$anonfun$codeAction$1(MetalsLanguageServer.scala:1652)
	at scala.meta.internal.metals.CancelTokens$.future(CancelTokens.scala:38)
	at scala.meta.internal.metals.MetalsLanguageServer.codeAction(MetalsLanguageServer.scala:1651)
	... 15 more

Jul 29, 2022 12:16:44 PM org.eclipse.lsp4j.jsonrpc.RemoteEndpoint fallbackResponseError
SEVERE: Internal error: java.lang.reflect.InvocationTargetException
java.lang.RuntimeException: java.lang.reflect.InvocationTargetException
	at org.eclipse.lsp4j.jsonrpc.services.GenericEndpoint.lambda$null$0(GenericEndpoint.java:67)
	at org.eclipse.lsp4j.jsonrpc.services.GenericEndpoint.request(GenericEndpoint.java:120)
	at org.eclipse.lsp4j.jsonrpc.RemoteEndpoint.handleRequest(RemoteEndpoint.java:261)
	at org.eclipse.lsp4j.jsonrpc.RemoteEndpoint.consume(RemoteEndpoint.java:190)
	at org.eclipse.lsp4j.jsonrpc.json.StreamMessageProducer.handleMessage(StreamMessageProducer.java:194)
	at org.eclipse.lsp4j.jsonrpc.json.StreamMessageProducer.listen(StreamMessageProducer.java:94)
	at org.eclipse.lsp4j.jsonrpc.json.ConcurrentMessageProcessor.run(ConcurrentMessageProcessor.java:113)
	at java.util.concurrent.Executors$RunnableAdapter.call(Executors.java:511)
	at java.util.concurrent.FutureTask.run(FutureTask.java:266)
	at java.util.concurrent.ThreadPoolExecutor.runWorker(ThreadPoolExecutor.java:1149)
	at java.util.concurrent.ThreadPoolExecutor$Worker.run(ThreadPoolExecutor.java:624)
	at java.lang.Thread.run(Thread.java:748)
Caused by: java.lang.reflect.InvocationTargetException
	at sun.reflect.GeneratedMethodAccessor1.invoke(Unknown Source)
	at sun.reflect.DelegatingMethodAccessorImpl.invoke(DelegatingMethodAccessorImpl.java:43)
	at java.lang.reflect.Method.invoke(Method.java:498)
	at org.eclipse.lsp4j.jsonrpc.services.GenericEndpoint.lambda$null$0(GenericEndpoint.java:65)
	... 11 more
Caused by: java.lang.IllegalArgumentException: 25 is not a valid line number, allowed [0..0]
	at scala.meta.internal.inputs.InternalInput.lineToOffset(InternalInput.scala:37)
	at scala.meta.internal.inputs.InternalInput.lineToOffset$(InternalInput.scala:32)
	at scala.meta.inputs.Input$VirtualFile.lineToOffset(Input.scala:80)
	at scala.meta.inputs.Position$Range$.apply(Position.scala:59)
	at scala.meta.internal.mtags.MtagsEnrichments$XtensionPositionLspInverse.toMeta(MtagsEnrichments.scala:179)
	at scala.meta.internal.parsing.Trees.$anonfun$findLastEnclosingAt$4(Trees.scala:77)
	at scala.Option.flatMap(Option.scala:283)
	at scala.meta.internal.parsing.Trees.findLastEnclosingAt(Trees.scala:76)
	at scala.meta.internal.metals.codeactions.PatternMatchRefactor.contribute(PatternMatchRefactor.scala:96)
	at scala.meta.internal.metals.CodeActionProvider$$anonfun$1.applyOrElse(CodeActionProvider.scala:66)
	at scala.meta.internal.metals.CodeActionProvider$$anonfun$1.applyOrElse(CodeActionProvider.scala:65)
	at scala.collection.immutable.List.collect(List.scala:275)
	at scala.meta.internal.metals.CodeActionProvider.codeActions(CodeActionProvider.scala:65)
	at scala.meta.internal.metals.MetalsLanguageServer.$anonfun$codeAction$1(MetalsLanguageServer.scala:1652)
	at scala.meta.internal.metals.CancelTokens$.future(CancelTokens.scala:38)
	at scala.meta.internal.metals.MetalsLanguageServer.codeAction(MetalsLanguageServer.scala:1651)
	... 15 more

2022.07.29 12:16:48 WARN  no build target for: E:\scala tute4\Q2.scala
2022.07.29 12:23:34 WARN  no build target for: E:\scala tute4\Q2.scala
2022.07.29 12:24:27 WARN  no build target for: E:\scala tute4\Q2.scala
2022.07.29 12:24:55 WARN  no build target for: E:\scala tute4\Q2.scala
2022.07.29 12:26:42 WARN  no build target for: E:\scala tute4\Q2.scala
2022.07.29 12:27:12 WARN  no build target for: E:\scala tute4\Q2.scala
2022.07.29 12:28:36 WARN  no build target for: E:\scala tute4\Q3.scala
2022.07.29 12:33:32 WARN  no build target for: E:\scala tute4\Q3.scala
2022.07.29 12:36:19 WARN  no build target for: E:\scala tute4\Q4.scala
2022.07.29 13:05:13 WARN  no build target for: E:\scala tute4\Q4.scala
2022.07.29 13:05:36 WARN  no build target for: E:\scala tute4\Q4.scala
2022.07.29 13:06:20 WARN  no build target for: E:\scala tute4\Q4.scala
2022.07.29 13:06:45 WARN  no build target for: E:\scala tute4\Q4.scala
2022.07.29 13:07:49 WARN  no build target for: E:\scala tute4\Q4.scala
2022.07.29 13:11:23 WARN  no build target for: E:\scala tute4\Q5.scala
2022.07.29 13:15:12 WARN  no build target for: E:\scala tute4\Q5.scala
2022.07.29 13:16:06 WARN  no build target for: E:\scala tute4\Q5.scala
2022.07.29 13:16:39 WARN  no build target for: E:\scala tute4\Q5.scala
2022.07.29 13:17:33 WARN  no build target for: E:\scala tute4\Q4.scala
2022.07.29 13:17:39 INFO  shutting down Metals
2022.07.29 15:38:40 INFO  tracing is disabled for protocol LSP, to enable tracing of incoming and outgoing JSON messages create an empty file at e:\scala tute4\.metals\lsp.trace.json or C:\Users\acer\AppData\Local\scalameta\metals\cache\lsp.trace.json
2022.07.29 15:38:41 INFO  logging to file E:\scala tute4\.metals\metals.log
2022.07.29 15:38:41 INFO  Started: Metals version 0.11.7 in workspace 'E:\scala tute4' for client Visual Studio Code 1.69.2.
2022.07.29 15:38:42 INFO  time: initialize in 1.16s
2022.07.29 15:38:42 WARN  Flyway upgrade recommended: H2 2.1.214 is newer than this version of Flyway and support has not been tested. The latest supported version of H2 is 2.1.210.
2022.07.29 15:38:42 WARN  Build server is not auto-connectable.
2022.07.29 15:38:42 WARN  no build tool detected in workspace 'E:\scala tute4'. The most common cause for this problem is that the editor was opened in the wrong working directory, for example if you use sbt then the workspace directory should contain build.sbt. 
2022.07.29 15:38:44 WARN  no build target for: E:\scala tute4\Q1.scala
2022.07.29 15:38:51 INFO  no build target found for E:\scala tute4\Q1.scala. Using presentation compiler with project's scala-library version: 3.1.3
2022.07.29 15:38:55 INFO  time: code lens generation in 10s
2022.07.29 15:39:20 INFO  shutting down Metals
2022.07.30 22:45:07 INFO  tracing is disabled for protocol LSP, to enable tracing of incoming and outgoing JSON messages create an empty file at e:\scala tute4\.metals\lsp.trace.json or C:\Users\acer\AppData\Local\scalameta\metals\cache\lsp.trace.json
2022.07.30 22:45:09 INFO  logging to file E:\scala tute4\.metals\metals.log
2022.07.30 22:45:09 INFO  Started: Metals version 0.11.7 in workspace 'E:\scala tute4' for client Visual Studio Code 1.69.2.
2022.07.30 22:45:10 INFO  time: initialize in 1.15s
2022.07.30 22:45:10 WARN  Flyway upgrade recommended: H2 2.1.214 is newer than this version of Flyway and support has not been tested. The latest supported version of H2 is 2.1.210.
2022.07.30 22:45:11 WARN  Build server is not auto-connectable.
2022.07.30 22:45:11 WARN  no build tool detected in workspace 'E:\scala tute4'. The most common cause for this problem is that the editor was opened in the wrong working directory, for example if you use sbt then the workspace directory should contain build.sbt. 
2022.07.30 22:45:12 WARN  no build target for: E:\scala tute4\Q1.scala
2022.07.30 22:45:12 WARN  no build target for: E:\scala tute4\Q2.scala
2022.07.30 22:45:23 INFO  no build target found for E:\scala tute4\Q2.scala. Using presentation compiler with project's scala-library version: 3.1.3
2022.07.30 22:45:28 INFO  time: code lens generation in 14s
2022.07.30 22:45:28 WARN  no build target for: E:\scala tute4\Q3.scala
2022.07.30 22:45:42 WARN  no build target for: E:\scala tute4\Q4.scala
2022.07.30 22:46:11 WARN  no build target for: E:\scala tute4\Q5.scala
2022.07.30 23:16:11 INFO  shutting down Metals
2022.07.31 00:07:02 INFO  tracing is disabled for protocol LSP, to enable tracing of incoming and outgoing JSON messages create an empty file at e:\scala tute4\.metals\lsp.trace.json or C:\Users\acer\AppData\Local\scalameta\metals\cache\lsp.trace.json
2022.07.31 00:07:03 INFO  logging to file E:\scala tute4\.metals\metals.log
2022.07.31 00:07:03 INFO  Started: Metals version 0.11.7 in workspace 'E:\scala tute4' for client Visual Studio Code 1.69.2.
2022.07.31 00:07:04 INFO  time: initialize in 0.92s
2022.07.31 00:07:04 WARN  Flyway upgrade recommended: H2 2.1.214 is newer than this version of Flyway and support has not been tested. The latest supported version of H2 is 2.1.210.
2022.07.31 00:07:04 WARN  Build server is not auto-connectable.
2022.07.31 00:07:04 WARN  no build tool detected in workspace 'E:\scala tute4'. The most common cause for this problem is that the editor was opened in the wrong working directory, for example if you use sbt then the workspace directory should contain build.sbt. 
2022.07.31 00:07:05 WARN  no build target for: E:\scala tute4\Q5.scala
2022.07.31 00:07:05 WARN  no build target for: E:\scala tute4\Q4.scala
2022.07.31 00:07:07 INFO  no build target found for E:\scala tute4\Q4.scala. Using presentation compiler with project's scala-library version: 3.1.3
2022.07.31 00:07:09 INFO  time: code lens generation in 4.25s
Jul 31, 2022 12:07:20 AM org.eclipse.lsp4j.jsonrpc.RemoteEndpoint handleCancellation
WARNING: Unmatched cancel notification for request id 17
2022.07.31 00:09:58 WARN  no build target for: E:\scala tute4\Q4.scala
2022.07.31 00:10:02 WARN  no build target for: E:\scala tute4\Q1.scala
2022.07.31 00:10:04 WARN  no build target for: E:\scala tute4\Q2.scala
2022.07.31 00:10:06 WARN  no build target for: E:\scala tute4\Q3.scala
2022.07.31 00:11:08 WARN  no build target for: E:\scala tute4\Q4.scala
2022.07.31 00:11:58 WARN  no build target for: E:\scala tute4\Q4.scala
2022.07.31 00:12:49 WARN  no build target for: E:\scala tute4\Q4.scala
2022.07.31 00:13:03 WARN  no build target for: E:\scala tute4\Q4.scala
2022.07.31 00:13:24 WARN  no build target for: E:\scala tute4\Q4.scala
2022.07.31 00:17:45 INFO  shutting down Metals
2022.07.31 00:34:56 INFO  tracing is disabled for protocol LSP, to enable tracing of incoming and outgoing JSON messages create an empty file at e:\scala tute4\.metals\lsp.trace.json or C:\Users\acer\AppData\Local\scalameta\metals\cache\lsp.trace.json
2022.07.31 00:34:56 INFO  logging to file E:\scala tute4\.metals\metals.log
2022.07.31 00:34:56 INFO  Started: Metals version 0.11.7 in workspace 'E:\scala tute4' for client Visual Studio Code 1.69.2.
2022.07.31 00:34:57 INFO  time: initialize in 0.84s
2022.07.31 00:34:57 WARN  Flyway upgrade recommended: H2 2.1.214 is newer than this version of Flyway and support has not been tested. The latest supported version of H2 is 2.1.210.
2022.07.31 00:34:57 WARN  Build server is not auto-connectable.
2022.07.31 00:34:57 WARN  no build tool detected in workspace 'E:\scala tute4'. The most common cause for this problem is that the editor was opened in the wrong working directory, for example if you use sbt then the workspace directory should contain build.sbt. 
2022.07.31 00:34:58 WARN  no build target for: E:\scala tute4\Q1.scala
2022.07.31 00:34:58 WARN  no build target for: E:\scala tute4\Q5.scala
2022.07.31 00:35:00 INFO  no build target found for E:\scala tute4\Q5.scala. Using presentation compiler with project's scala-library version: 3.1.3
2022.07.31 00:35:02 INFO  time: code lens generation in 3.67s
Jul 31, 2022 12:35:08 AM org.eclipse.lsp4j.jsonrpc.services.GenericEndpoint notify
INFO: Unsupported notification method: $/setTrace
2022.07.31 00:39:04 WARN  no build target for: E:\scala tute4\Q2.scala
Jul 31, 2022 12:41:15 AM org.eclipse.lsp4j.jsonrpc.RemoteEndpoint handleCancellation
WARNING: Unmatched cancel notification for request id 27
2022.07.31 00:41:20 WARN  no build target for: E:\scala tute4\Q1.scala
2022.07.31 00:41:28 WARN  no build target for: E:\scala tute4\Q3.scala
2022.07.31 00:51:10 WARN  no build target for: E:\scala tute4\Q1.scala
2022.07.31 00:52:33 WARN  no build target for: E:\scala tute4\Q1.scala
2022.07.31 01:04:29 WARN  no build target for: E:\scala tute4\Q4.scala
2022.07.31 01:07:18 WARN  no build target for: E:\scala tute4\Q3.scala
2022.07.31 01:09:24 WARN  no build target for: E:\scala tute4\Q5.scala
2022.07.31 01:09:40 INFO  shutting down Metals
